This file contains any messages produced by compilers while
running configure, to aid debugging if configure makes a mistake.

It was created by fftw configure 3.3.7, which was
generated by GNU Autoconf 2.69.  Invocation command line was

  $ ./configure --disable-option-checking --prefix=/usr/local --with-combined-threads --enable-float --enable-threads --cache-file=/dev/null --srcdir=. --no-create --no-recursion

## --------- ##
## Platform. ##
## --------- ##

hostname = Helens-MBP-2.lan
uname -m = x86_64
uname -r = 17.2.0
uname -s = Darwin
uname -v = Darwin Kernel Version 17.2.0: Fri Sep 29 18:27:05 PDT 2017; root:xnu-4570.20.62~3/RELEASE_X86_64

/usr/bin/uname -p = i386
/bin/uname -X     = unknown

/bin/arch              = unknown
/usr/bin/arch -k       = unknown
/usr/convex/getsysinfo = unknown
/usr/bin/hostinfo      = Mach kernel version:
	 Darwin Kernel Version 17.2.0: Fri Sep 29 18:27:05 PDT 2017; root:xnu-4570.20.62~3/RELEASE_X86_64
Kernel configured for up to 8 processors.
4 processors are physically available.
8 processors are logically available.
Processor type: x86_64h (Intel x86-64h Haswell)
Processors active: 0 1 2 3 4 5 6 7
Primary memory available: 16.00 gigabytes
Default processor set: 339 tasks, 1956 threads, 8 processors
Load average: 3.37, Mach factor: 4.76
/bin/machine           = unknown
/usr/bin/oslevel       = unknown
/bin/universe          = unknown

PATH: /usr/local/opt/qt/bin
PATH: /usr/local/bin
PATH: /Users/helenginn/Library/phenix-source/build/bin
PATH: /Users/helenginn/Applications/bin/
PATH: /Applications/Xcode.app/Contents/Developer/Toolchains/XcodeDefault.xctoolchain/usr/bin/
PATH: /Applications/ccp4-6.4.0/bin
PATH: /Applications/ccp4-6.4.0/etc
PATH: /usr/local/bin
PATH: /usr/bin
PATH: /bin
PATH: /usr/sbin
PATH: /sbin
PATH: /Library/TeX/texbin
PATH: /opt/X11/bin
PATH: /Applications/ccp4-6.4.0/share/xia2/Applications


## ----------- ##
## Core tests. ##
## ----------- ##

configure:2861: checking for a BSD-compatible install
configure:2929: result: /usr/local/bin/ginstall -c
configure:2940: checking whether build environment is sane
configure:2995: result: yes
configure:3146: checking for a thread-safe mkdir -p
configure:3185: result: /usr/local/bin/gmkdir -p
configure:3192: checking for gawk
configure:3222: result: no
configure:3192: checking for mawk
configure:3222: result: no
configure:3192: checking for nawk
configure:3222: result: no
configure:3192: checking for awk
configure:3208: found /usr/bin/awk
configure:3219: result: awk
configure:3230: checking whether make sets $(MAKE)
configure:3252: result: yes
configure:3281: checking whether make supports nested variables
configure:3298: result: yes
configure:3428: checking whether to enable maintainer-specific portions of Makefiles
configure:3437: result: no
configure:3485: checking build system type
configure:3499: result: x86_64-apple-darwin17.2.0
configure:3519: checking host system type
configure:3532: result: x86_64-apple-darwin17.2.0
configure:4155: checking for gcc
configure:4171: found /usr/bin/gcc
configure:4182: result: gcc
configure:4411: checking for C compiler version
configure:4420: gcc --version >&5
Apple LLVM version 9.0.0 (clang-900.0.39.2)
Target: x86_64-apple-darwin17.2.0
Thread model: posix
InstalledDir: /Applications/Xcode.app/Contents/Developer/Toolchains/XcodeDefault.xctoolchain/usr/bin
Configured with: --prefix=/Applications/Xcode.app/Contents/Developer/usr --with-gxx-include-dir=/Applications/Xcode.app/Contents/Developer/Platforms/MacOSX.platform/Developer/SDKs/MacOSX10.13.sdk/usr/include/c++/4.2.1
configure:4431: $? = 0
configure:4420: gcc -v >&5
Configured with: --prefix=/Applications/Xcode.app/Contents/Developer/usr --with-gxx-include-dir=/Applications/Xcode.app/Contents/Developer/Platforms/MacOSX.platform/Developer/SDKs/MacOSX10.13.sdk/usr/include/c++/4.2.1
Apple LLVM version 9.0.0 (clang-900.0.39.2)
Target: x86_64-apple-darwin17.2.0
Thread model: posix
InstalledDir: /Applications/Xcode.app/Contents/Developer/Toolchains/XcodeDefault.xctoolchain/usr/bin
configure:4431: $? = 0
configure:4420: gcc -V >&5
clang: error: argument to '-V' is missing (expected 1 value)
clang: error: no input files
configure:4431: $? = 1
configure:4420: gcc -qversion >&5
clang: error: unknown argument: '-qversion'
clang: error: no input files
configure:4431: $? = 1
configure:4451: checking whether the C compiler works
configure:4473: gcc    conftest.c  >&5
configure:4477: $? = 0
configure:4525: result: yes
configure:4528: checking for C compiler default output file name
configure:4530: result: a.out
configure:4536: checking for suffix of executables
configure:4543: gcc -o conftest    conftest.c  >&5
configure:4547: $? = 0
configure:4569: result: 
configure:4591: checking whether we are cross compiling
configure:4599: gcc -o conftest    conftest.c  >&5
configure:4603: $? = 0
configure:4610: ./conftest
configure:4614: $? = 0
configure:4629: result: no
configure:4634: checking for suffix of object files
configure:4656: gcc -c   conftest.c >&5
configure:4660: $? = 0
configure:4681: result: o
configure:4685: checking whether we are using the GNU C compiler
configure:4704: gcc -c   conftest.c >&5
configure:4704: $? = 0
configure:4713: result: yes
configure:4722: checking whether gcc accepts -g
configure:4742: gcc -c -g  conftest.c >&5
configure:4742: $? = 0
configure:4783: result: yes
configure:4800: checking for gcc option to accept ISO C89
configure:4863: gcc  -c -g -O2  conftest.c >&5
configure:4863: $? = 0
configure:4876: result: none needed
configure:4901: checking whether gcc understands -c and -o together
configure:4923: gcc -c conftest.c -o conftest2.o
configure:4926: $? = 0
configure:4923: gcc -c conftest.c -o conftest2.o
configure:4926: $? = 0
configure:4938: result: yes
configure:4966: checking for style of include used by make
configure:4994: result: GNU
configure:5020: checking dependency style of gcc
configure:5131: result: gcc3
configure:5149: checking for C compiler vendor
configure:5173: gcc -c -g -O2  conftest.c >&5
conftest.c:20:7: error: use of undeclared identifier 'thisisanerror'
      thisisanerror;
      ^
1 error generated.
configure:5173: $? = 1
configure: failed program was:
| /* confdefs.h */
| #define PACKAGE_NAME "fftw"
| #define PACKAGE_TARNAME "fftw"
| #define PACKAGE_VERSION "3.3.7"
| #define PACKAGE_STRING "fftw 3.3.7"
| #define PACKAGE_BUGREPORT "fftw@fftw.org"
| #define PACKAGE_URL ""
| #define PACKAGE "fftw"
| #define VERSION "3.3.7"
| #define FFTW_ENABLE_ALLOCA 1
| #define FFTW_SINGLE 1
| #define BENCHFFT_SINGLE 1
| /* end confdefs.h.  */
| 
| int
| main ()
| {
| 
| #if !(defined(__ICC) || defined(__ECC) || defined(__INTEL_COMPILER))
|       thisisanerror;
| #endif
| 
|   ;
|   return 0;
| }
configure:5173: gcc -c -g -O2  conftest.c >&5
conftest.c:20:7: error: use of undeclared identifier 'thisisanerror'
      thisisanerror;
      ^
1 error generated.
configure:5173: $? = 1
configure: failed program was:
| /* confdefs.h */
| #define PACKAGE_NAME "fftw"
| #define PACKAGE_TARNAME "fftw"
| #define PACKAGE_VERSION "3.3.7"
| #define PACKAGE_STRING "fftw 3.3.7"
| #define PACKAGE_BUGREPORT "fftw@fftw.org"
| #define PACKAGE_URL ""
| #define PACKAGE "fftw"
| #define VERSION "3.3.7"
| #define FFTW_ENABLE_ALLOCA 1
| #define FFTW_SINGLE 1
| #define BENCHFFT_SINGLE 1
| /* end confdefs.h.  */
| 
| int
| main ()
| {
| 
| #if !(defined(__ibmxl__) || defined(__xlc__) || defined(__xlC__) || defined(__IBMC__) || defined(__IBMCPP__))
|       thisisanerror;
| #endif
| 
|   ;
|   return 0;
| }
configure:5173: gcc -c -g -O2  conftest.c >&5
conftest.c:20:7: error: use of undeclared identifier 'thisisanerror'
      thisisanerror;
      ^
1 error generated.
configure:5173: $? = 1
configure: failed program was:
| /* confdefs.h */
| #define PACKAGE_NAME "fftw"
| #define PACKAGE_TARNAME "fftw"
| #define PACKAGE_VERSION "3.3.7"
| #define PACKAGE_STRING "fftw 3.3.7"
| #define PACKAGE_BUGREPORT "fftw@fftw.org"
| #define PACKAGE_URL ""
| #define PACKAGE "fftw"
| #define VERSION "3.3.7"
| #define FFTW_ENABLE_ALLOCA 1
| #define FFTW_SINGLE 1
| #define BENCHFFT_SINGLE 1
| /* end confdefs.h.  */
| 
| int
| main ()
| {
| 
| #if !(defined(__PATHCC__) || defined(__PATHSCALE__))
|       thisisanerror;
| #endif
| 
|   ;
|   return 0;
| }
configure:5173: gcc -c -g -O2  conftest.c >&5
configure:5173: $? = 0
configure:5180: result: clang
configure:5187: checking for gcc option to accept ISO C99
configure:5336: gcc  -c -g -O2  conftest.c >&5
configure:5336: $? = 0
configure:5349: result: none needed
configure:5457: checking for gcc option to accept ISO Standard C
configure:5468: result: none needed
configure:5476: checking whether ln -s works
configure:5480: result: yes
configure:5487: checking whether make sets $(MAKE)
configure:5509: result: yes
configure:5867: checking how to print strings
configure:5894: result: printf
configure:5915: checking for a sed that does not truncate output
configure:5979: result: /usr/bin/sed
configure:5997: checking for grep that handles long lines and -e
configure:6055: result: /usr/bin/grep
configure:6060: checking for egrep
configure:6122: result: /usr/bin/grep -E
configure:6127: checking for fgrep
configure:6189: result: /usr/bin/grep -F
configure:6224: checking for ld used by gcc
configure:6291: result: /Applications/Xcode.app/Contents/Developer/Toolchains/XcodeDefault.xctoolchain/usr/bin/ld
configure:6298: checking if the linker (/Applications/Xcode.app/Contents/Developer/Toolchains/XcodeDefault.xctoolchain/usr/bin/ld) is GNU ld
configure:6313: result: no
configure:6325: checking for BSD- or MS-compatible name lister (nm)
configure:6379: result: /Applications/Xcode.app/Contents/Developer/Toolchains/XcodeDefault.xctoolchain/usr/bin//nm -B
configure:6509: checking the name lister (/Applications/Xcode.app/Contents/Developer/Toolchains/XcodeDefault.xctoolchain/usr/bin//nm -B) interface
configure:6516: gcc -c -g -O2  conftest.c >&5
configure:6519: /Applications/Xcode.app/Contents/Developer/Toolchains/XcodeDefault.xctoolchain/usr/bin//nm -B "conftest.o"
configure:6522: output
00000000000001e0 S _some_variable
configure:6529: result: BSD nm
configure:6533: checking the maximum length of command line arguments
configure:6664: result: 196608
configure:6712: checking how to convert x86_64-apple-darwin17.2.0 file names to x86_64-apple-darwin17.2.0 format
configure:6752: result: func_convert_file_noop
configure:6759: checking how to convert x86_64-apple-darwin17.2.0 file names to toolchain format
configure:6779: result: func_convert_file_noop
configure:6786: checking for /Applications/Xcode.app/Contents/Developer/Toolchains/XcodeDefault.xctoolchain/usr/bin/ld option to reload object files
configure:6793: result: -r
configure:6867: checking for objdump
configure:6894: result: objdump
configure:6923: checking how to recognize dependent libraries
configure:7123: result: pass_all
configure:7208: checking for dlltool
configure:7235: result: dlltool
configure:7265: checking how to associate runtime and link libraries
configure:7292: result: printf %s\n
configure:7352: checking for ar
configure:7368: found /Applications/Xcode.app/Contents/Developer/Toolchains/XcodeDefault.xctoolchain/usr/bin//ar
configure:7379: result: ar
configure:7416: checking for archiver @FILE support
configure:7433: gcc -c -g -O2  conftest.c >&5
configure:7433: $? = 0
configure:7436: ar cru libconftest.a @conftest.lst >&5
ar: @conftest.lst: No such file or directory
configure:7439: $? = 1
configure:7459: result: no
configure:7517: checking for strip
configure:7533: found /Applications/Xcode.app/Contents/Developer/Toolchains/XcodeDefault.xctoolchain/usr/bin//strip
configure:7544: result: strip
configure:7616: checking for ranlib
configure:7632: found /Applications/Xcode.app/Contents/Developer/Toolchains/XcodeDefault.xctoolchain/usr/bin//ranlib
configure:7643: result: ranlib
configure:7745: checking command to parse /Applications/Xcode.app/Contents/Developer/Toolchains/XcodeDefault.xctoolchain/usr/bin//nm -B output from gcc object
configure:7898: gcc -c -g -O2  conftest.c >&5
configure:7901: $? = 0
configure:7905: /Applications/Xcode.app/Contents/Developer/Toolchains/XcodeDefault.xctoolchain/usr/bin//nm -B conftest.o \| sed -n -e 's/^.*[ ]\([BCDEGRST][BCDEGRST]*\)[ ][ ]*\([_A-Za-z][_A-Za-z0-9]*\)$/\1 \2 \2/p' | sed '/ __gnu_lto/d' \> conftest.nm
configure:7908: $? = 0
cannot find nm_test_var in conftest.nm
configure:7898: gcc -c -g -O2  conftest.c >&5
configure:7901: $? = 0
configure:7905: /Applications/Xcode.app/Contents/Developer/Toolchains/XcodeDefault.xctoolchain/usr/bin//nm -B conftest.o \| sed -n -e 's/^.*[ ]\([BCDEGRST][BCDEGRST]*\)[ ][ ]*_\([_A-Za-z][_A-Za-z0-9]*\)$/\1 _\2 \2/p' | sed '/ __gnu_lto/d' \> conftest.nm
configure:7908: $? = 0
configure:7974: gcc -o conftest -g -O2   conftest.c conftstm.o >&5
warning: (x86_64)  could not find object file symbol for symbol _main
configure:7977: $? = 0
configure:8015: result: ok
configure:8062: checking for sysroot
configure:8092: result: no
configure:8099: checking for a working dd
configure:8137: result: /bin/dd
configure:8141: checking how to truncate binary pipes
configure:8156: result: /bin/dd bs=4096 count=1
configure:8485: checking for mt
configure:8515: result: no
configure:8535: checking if : is a manifest tool
configure:8541: : '-?'
configure:8549: result: no
configure:8605: checking for dsymutil
configure:8621: found /Applications/Xcode.app/Contents/Developer/Toolchains/XcodeDefault.xctoolchain/usr/bin//dsymutil
configure:8632: result: dsymutil
configure:8697: checking for nmedit
configure:8713: found /Applications/Xcode.app/Contents/Developer/Toolchains/XcodeDefault.xctoolchain/usr/bin//nmedit
configure:8724: result: nmedit
configure:8789: checking for lipo
configure:8805: found /Applications/Xcode.app/Contents/Developer/Toolchains/XcodeDefault.xctoolchain/usr/bin//lipo
configure:8816: result: lipo
configure:8881: checking for otool
configure:8897: found /Applications/Xcode.app/Contents/Developer/Toolchains/XcodeDefault.xctoolchain/usr/bin//otool
configure:8908: result: otool
configure:8973: checking for otool64
configure:9003: result: no
configure:9048: checking for -single_module linker flag
gcc -g -O2  -o libconftest.dylib -dynamiclib -Wl,-single_module conftest.c
configure:9081: result: yes
configure:9084: checking for -exported_symbols_list linker flag
configure:9104: gcc -o conftest -g -O2   -Wl,-exported_symbols_list,conftest.sym conftest.c  >&5
configure:9104: $? = 0
configure:9114: result: yes
configure:9117: checking for -force_load linker flag
gcc -g -O2 -c -o conftest.o conftest.c
ar cru libconftest.a conftest.o
ranlib libconftest.a
gcc -g -O2  -o conftest conftest.c -Wl,-force_load,./libconftest.a
configure:9149: result: yes
configure:9226: checking how to run the C preprocessor
configure:9257: gcc -E  conftest.c
configure:9257: $? = 0
configure:9271: gcc -E  conftest.c
conftest.c:14:10: fatal error: 'ac_nonexistent.h' file not found
#include <ac_nonexistent.h>
         ^~~~~~~~~~~~~~~~~~
1 error generated.
configure:9271: $? = 1
configure: failed program was:
| /* confdefs.h */
| #define PACKAGE_NAME "fftw"
| #define PACKAGE_TARNAME "fftw"
| #define PACKAGE_VERSION "3.3.7"
| #define PACKAGE_STRING "fftw 3.3.7"
| #define PACKAGE_BUGREPORT "fftw@fftw.org"
| #define PACKAGE_URL ""
| #define PACKAGE "fftw"
| #define VERSION "3.3.7"
| #define FFTW_ENABLE_ALLOCA 1
| #define FFTW_SINGLE 1
| #define BENCHFFT_SINGLE 1
| /* end confdefs.h.  */
| #include <ac_nonexistent.h>
configure:9296: result: gcc -E
configure:9316: gcc -E  conftest.c
configure:9316: $? = 0
configure:9330: gcc -E  conftest.c
conftest.c:14:10: fatal error: 'ac_nonexistent.h' file not found
#include <ac_nonexistent.h>
         ^~~~~~~~~~~~~~~~~~
1 error generated.
configure:9330: $? = 1
configure: failed program was:
| /* confdefs.h */
| #define PACKAGE_NAME "fftw"
| #define PACKAGE_TARNAME "fftw"
| #define PACKAGE_VERSION "3.3.7"
| #define PACKAGE_STRING "fftw 3.3.7"
| #define PACKAGE_BUGREPORT "fftw@fftw.org"
| #define PACKAGE_URL ""
| #define PACKAGE "fftw"
| #define VERSION "3.3.7"
| #define FFTW_ENABLE_ALLOCA 1
| #define FFTW_SINGLE 1
| #define BENCHFFT_SINGLE 1
| /* end confdefs.h.  */
| #include <ac_nonexistent.h>
configure:9359: checking for ANSI C header files
configure:9379: gcc -c -g -O2  conftest.c >&5
configure:9379: $? = 0
configure:9452: gcc -o conftest -g -O2   conftest.c  >&5
configure:9452: $? = 0
configure:9452: ./conftest
configure:9452: $? = 0
configure:9463: result: yes
configure:9476: checking for sys/types.h
configure:9476: gcc -c -g -O2  conftest.c >&5
configure:9476: $? = 0
configure:9476: result: yes
configure:9476: checking for sys/stat.h
configure:9476: gcc -c -g -O2  conftest.c >&5
configure:9476: $? = 0
configure:9476: result: yes
configure:9476: checking for stdlib.h
configure:9476: gcc -c -g -O2  conftest.c >&5
configure:9476: $? = 0
configure:9476: result: yes
configure:9476: checking for string.h
configure:9476: gcc -c -g -O2  conftest.c >&5
configure:9476: $? = 0
configure:9476: result: yes
configure:9476: checking for memory.h
configure:9476: gcc -c -g -O2  conftest.c >&5
configure:9476: $? = 0
configure:9476: result: yes
configure:9476: checking for strings.h
configure:9476: gcc -c -g -O2  conftest.c >&5
configure:9476: $? = 0
configure:9476: result: yes
configure:9476: checking for inttypes.h
configure:9476: gcc -c -g -O2  conftest.c >&5
configure:9476: $? = 0
configure:9476: result: yes
configure:9476: checking for stdint.h
configure:9476: gcc -c -g -O2  conftest.c >&5
configure:9476: $? = 0
configure:9476: result: yes
configure:9476: checking for unistd.h
configure:9476: gcc -c -g -O2  conftest.c >&5
configure:9476: $? = 0
configure:9476: result: yes
configure:9490: checking for dlfcn.h
configure:9490: gcc -c -g -O2  conftest.c >&5
configure:9490: $? = 0
configure:9490: result: yes
configure:9714: checking for objdir
configure:9729: result: .libs
configure:9993: checking if gcc supports -fno-rtti -fno-exceptions
configure:10011: gcc -c -g -O2  -fno-rtti -fno-exceptions conftest.c >&5
configure:10015: $? = 0
configure:10028: result: yes
configure:10386: checking for gcc option to produce PIC
configure:10393: result: -fno-common -DPIC
configure:10401: checking if gcc PIC flag -fno-common -DPIC works
configure:10419: gcc -c -g -O2  -fno-common -DPIC -DPIC conftest.c >&5
configure:10423: $? = 0
configure:10436: result: yes
configure:10465: checking if gcc static flag -static works
configure:10493: result: no
configure:10508: checking if gcc supports -c -o file.o
configure:10529: gcc -c -g -O2  -o out/conftest2.o conftest.c >&5
configure:10533: $? = 0
configure:10555: result: yes
configure:10563: checking if gcc supports -c -o file.o
configure:10610: result: yes
configure:10643: checking whether the gcc linker (/Applications/Xcode.app/Contents/Developer/Toolchains/XcodeDefault.xctoolchain/usr/bin/ld) supports shared libraries
configure:11902: result: yes
configure:12142: checking dynamic linker characteristics
configure:12960: result: darwin17.2.0 dyld
configure:13082: checking how to hardcode library paths into programs
configure:13107: result: immediate
configure:13655: checking whether stripping libraries is possible
configure:13669: result: yes
configure:13695: checking if libtool supports shared libraries
configure:13697: result: yes
configure:13700: checking whether to build shared libraries
configure:13725: result: no
configure:13728: checking whether to build static libraries
configure:13732: result: yes
configure:13812: checking for ranlib
configure:13839: result: ranlib
configure:13864: checking for ocamlbuild
configure:13894: result: no
configure:14363: checking whether C compiler accepts -mtune=native
configure:14382: gcc -c -mtune=native  conftest.c >&5
configure:14382: $? = 0
configure:14392: result: yes
configure:14400: checking whether C compiler accepts -fstrict-aliasing
configure:14419: gcc -c -fstrict-aliasing  conftest.c >&5
configure:14419: $? = 0
configure:14429: result: yes
configure:14437: checking whether C compiler accepts -ffast-math
configure:14456: gcc -c -ffast-math  conftest.c >&5
configure:14456: $? = 0
configure:14466: result: yes
configure:14848: checking whether C compiler accepts -O3 -fomit-frame-pointer -mtune=native -fstrict-aliasing -ffast-math
configure:14863: gcc -c -O3 -fomit-frame-pointer -mtune=native -fstrict-aliasing -ffast-math  conftest.c >&5
configure:14863: $? = 0
configure:14871: result: yes
configure:15869: checking for ANSI C header files
configure:15973: result: yes
configure:15984: checking fcntl.h usability
configure:15984: gcc -c -O3 -fomit-frame-pointer -mtune=native -fstrict-aliasing -ffast-math  conftest.c >&5
configure:15984: $? = 0
configure:15984: result: yes
configure:15984: checking fcntl.h presence
configure:15984: gcc -E  conftest.c
configure:15984: $? = 0
configure:15984: result: yes
configure:15984: checking for fcntl.h
configure:15984: result: yes
configure:15984: checking fenv.h usability
configure:15984: gcc -c -O3 -fomit-frame-pointer -mtune=native -fstrict-aliasing -ffast-math  conftest.c >&5
configure:15984: $? = 0
configure:15984: result: yes
configure:15984: checking fenv.h presence
configure:15984: gcc -E  conftest.c
configure:15984: $? = 0
configure:15984: result: yes
configure:15984: checking for fenv.h
configure:15984: result: yes
configure:15984: checking limits.h usability
configure:15984: gcc -c -O3 -fomit-frame-pointer -mtune=native -fstrict-aliasing -ffast-math  conftest.c >&5
configure:15984: $? = 0
configure:15984: result: yes
configure:15984: checking limits.h presence
configure:15984: gcc -E  conftest.c
configure:15984: $? = 0
configure:15984: result: yes
configure:15984: checking for limits.h
configure:15984: result: yes
configure:15984: checking malloc.h usability
configure:15984: gcc -c -O3 -fomit-frame-pointer -mtune=native -fstrict-aliasing -ffast-math  conftest.c >&5
conftest.c:63:10: fatal error: 'malloc.h' file not found
#include <malloc.h>
         ^~~~~~~~~~
1 error generated.
configure:15984: $? = 1
configure: failed program was:
| /* confdefs.h */
| #define PACKAGE_NAME "fftw"
| #define PACKAGE_TARNAME "fftw"
| #define PACKAGE_VERSION "3.3.7"
| #define PACKAGE_STRING "fftw 3.3.7"
| #define PACKAGE_BUGREPORT "fftw@fftw.org"
| #define PACKAGE_URL ""
| #define PACKAGE "fftw"
| #define VERSION "3.3.7"
| #define FFTW_ENABLE_ALLOCA 1
| #define FFTW_SINGLE 1
| #define BENCHFFT_SINGLE 1
| #define STDC_HEADERS 1
| #define HAVE_SYS_TYPES_H 1
| #define HAVE_SYS_STAT_H 1
| #define HAVE_STDLIB_H 1
| #define HAVE_STRING_H 1
| #define HAVE_MEMORY_H 1
| #define HAVE_STRINGS_H 1
| #define HAVE_INTTYPES_H 1
| #define HAVE_STDINT_H 1
| #define HAVE_UNISTD_H 1
| #define HAVE_DLFCN_H 1
| #define LT_OBJDIR ".libs/"
| #define STDC_HEADERS 1
| #define HAVE_FCNTL_H 1
| #define HAVE_FENV_H 1
| #define HAVE_LIMITS_H 1
| /* end confdefs.h.  */
| #include <stdio.h>
| #ifdef HAVE_SYS_TYPES_H
| # include <sys/types.h>
| #endif
| #ifdef HAVE_SYS_STAT_H
| # include <sys/stat.h>
| #endif
| #ifdef STDC_HEADERS
| # include <stdlib.h>
| # include <stddef.h>
| #else
| # ifdef HAVE_STDLIB_H
| #  include <stdlib.h>
| # endif
| #endif
| #ifdef HAVE_STRING_H
| # if !defined STDC_HEADERS && defined HAVE_MEMORY_H
| #  include <memory.h>
| # endif
| # include <string.h>
| #endif
| #ifdef HAVE_STRINGS_H
| # include <strings.h>
| #endif
| #ifdef HAVE_INTTYPES_H
| # include <inttypes.h>
| #endif
| #ifdef HAVE_STDINT_H
| # include <stdint.h>
| #endif
| #ifdef HAVE_UNISTD_H
| # include <unistd.h>
| #endif
| #include <malloc.h>
configure:15984: result: no
configure:15984: checking malloc.h presence
configure:15984: gcc -E  conftest.c
conftest.c:30:10: fatal error: 'malloc.h' file not found
#include <malloc.h>
         ^~~~~~~~~~
1 error generated.
configure:15984: $? = 1
configure: failed program was:
| /* confdefs.h */
| #define PACKAGE_NAME "fftw"
| #define PACKAGE_TARNAME "fftw"
| #define PACKAGE_VERSION "3.3.7"
| #define PACKAGE_STRING "fftw 3.3.7"
| #define PACKAGE_BUGREPORT "fftw@fftw.org"
| #define PACKAGE_URL ""
| #define PACKAGE "fftw"
| #define VERSION "3.3.7"
| #define FFTW_ENABLE_ALLOCA 1
| #define FFTW_SINGLE 1
| #define BENCHFFT_SINGLE 1
| #define STDC_HEADERS 1
| #define HAVE_SYS_TYPES_H 1
| #define HAVE_SYS_STAT_H 1
| #define HAVE_STDLIB_H 1
| #define HAVE_STRING_H 1
| #define HAVE_MEMORY_H 1
| #define HAVE_STRINGS_H 1
| #define HAVE_INTTYPES_H 1
| #define HAVE_STDINT_H 1
| #define HAVE_UNISTD_H 1
| #define HAVE_DLFCN_H 1
| #define LT_OBJDIR ".libs/"
| #define STDC_HEADERS 1
| #define HAVE_FCNTL_H 1
| #define HAVE_FENV_H 1
| #define HAVE_LIMITS_H 1
| /* end confdefs.h.  */
| #include <malloc.h>
configure:15984: result: no
configure:15984: checking for malloc.h
configure:15984: result: no
configure:15984: checking stddef.h usability
configure:15984: gcc -c -O3 -fomit-frame-pointer -mtune=native -fstrict-aliasing -ffast-math  conftest.c >&5
configure:15984: $? = 0
configure:15984: result: yes
configure:15984: checking stddef.h presence
configure:15984: gcc -E  conftest.c
configure:15984: $? = 0
configure:15984: result: yes
configure:15984: checking for stddef.h
configure:15984: result: yes
configure:15984: checking sys/time.h usability
configure:15984: gcc -c -O3 -fomit-frame-pointer -mtune=native -fstrict-aliasing -ffast-math  conftest.c >&5
configure:15984: $? = 0
configure:15984: result: yes
configure:15984: checking sys/time.h presence
configure:15984: gcc -E  conftest.c
configure:15984: $? = 0
configure:15984: result: yes
configure:15984: checking for sys/time.h
configure:15984: result: yes
configure:16001: checking altivec.h usability
configure:16001: gcc -c -O3 -fomit-frame-pointer -mtune=native -fstrict-aliasing -ffast-math      conftest.c >&5
In file included from conftest.c:65:
/Applications/Xcode.app/Contents/Developer/Toolchains/XcodeDefault.xctoolchain/usr/lib/clang/9.0.0/include/altivec.h:27:2: error: "AltiVec support not enabled"
#error "AltiVec support not enabled"
 ^
/Applications/Xcode.app/Contents/Developer/Toolchains/XcodeDefault.xctoolchain/usr/lib/clang/9.0.0/include/altivec.h:62:19: error: unknown type name 'vector'
static __inline__ vector signed char __ATTRS_o_ai vec_perm(
                  ^
/Applications/Xcode.app/Contents/Developer/Toolchains/XcodeDefault.xctoolchain/usr/lib/clang/9.0.0/include/altivec.h:62:26: error: expected identifier or '('
static __inline__ vector signed char __ATTRS_o_ai vec_perm(
                         ^
/Applications/Xcode.app/Contents/Developer/Toolchains/XcodeDefault.xctoolchain/usr/lib/clang/9.0.0/include/altivec.h:65:19: error: unknown type name 'vector'
static __inline__ vector unsigned char __ATTRS_o_ai
                  ^
/Applications/Xcode.app/Contents/Developer/Toolchains/XcodeDefault.xctoolchain/usr/lib/clang/9.0.0/include/altivec.h:65:26: error: expected identifier or '('
static __inline__ vector unsigned char __ATTRS_o_ai
                         ^
/Applications/Xcode.app/Contents/Developer/Toolchains/XcodeDefault.xctoolchain/usr/lib/clang/9.0.0/include/altivec.h:69:19: error: unknown type name 'vector'
static __inline__ vector bool char __ATTRS_o_ai
                  ^
/Applications/Xcode.app/Contents/Developer/Toolchains/XcodeDefault.xctoolchain/usr/lib/clang/9.0.0/include/altivec.h:69:8: error: 'inline' can only appear on functions
static __inline__ vector bool char __ATTRS_o_ai
       ^
/Applications/Xcode.app/Contents/Developer/Toolchains/XcodeDefault.xctoolchain/usr/lib/clang/9.0.0/include/altivec.h:69:30: error: expected ';' after top level declarator
static __inline__ vector bool char __ATTRS_o_ai
                             ^
/Applications/Xcode.app/Contents/Developer/Toolchains/XcodeDefault.xctoolchain/usr/lib/clang/9.0.0/include/altivec.h:70:10: error: unknown type name 'vector'
vec_perm(vector bool char __a, vector bool char __b, vector unsigned char __c);
         ^
/Applications/Xcode.app/Contents/Developer/Toolchains/XcodeDefault.xctoolchain/usr/lib/clang/9.0.0/include/altivec.h:70:22: error: expected ')'
vec_perm(vector bool char __a, vector bool char __b, vector unsigned char __c);
                     ^
/Applications/Xcode.app/Contents/Developer/Toolchains/XcodeDefault.xctoolchain/usr/lib/clang/9.0.0/include/altivec.h:70:9: note: to match this '('
vec_perm(vector bool char __a, vector bool char __b, vector unsigned char __c);
        ^
/Applications/Xcode.app/Contents/Developer/Toolchains/XcodeDefault.xctoolchain/usr/lib/clang/9.0.0/include/altivec.h:72:19: error: unknown type name 'vector'
static __inline__ vector short __ATTRS_o_ai vec_perm(vector signed short __a,
                  ^
/Applications/Xcode.app/Contents/Developer/Toolchains/XcodeDefault.xctoolchain/usr/lib/clang/9.0.0/include/altivec.h:72:26: error: expected identifier or '('
static __inline__ vector short __ATTRS_o_ai vec_perm(vector signed short __a,
                         ^
/Applications/Xcode.app/Contents/Developer/Toolchains/XcodeDefault.xctoolchain/usr/lib/clang/9.0.0/include/altivec.h:76:19: error: unknown type name 'vector'
static __inline__ vector unsigned short __ATTRS_o_ai
                  ^
/Applications/Xcode.app/Contents/Developer/Toolchains/XcodeDefault.xctoolchain/usr/lib/clang/9.0.0/include/altivec.h:76:26: error: expected identifier or '('
static __inline__ vector unsigned short __ATTRS_o_ai
                         ^
/Applications/Xcode.app/Contents/Developer/Toolchains/XcodeDefault.xctoolchain/usr/lib/clang/9.0.0/include/altivec.h:80:19: error: unknown type name 'vector'
static __inline__ vector bool short __ATTRS_o_ai vec_perm(
                  ^
/Applications/Xcode.app/Contents/Developer/Toolchains/XcodeDefault.xctoolchain/usr/lib/clang/9.0.0/include/altivec.h:80:8: error: 'inline' can only appear on functions
static __inline__ vector bool short __ATTRS_o_ai vec_perm(
       ^
/Applications/Xcode.app/Contents/Developer/Toolchains/XcodeDefault.xctoolchain/usr/lib/clang/9.0.0/include/altivec.h:80:30: error: expected ';' after top level declarator
static __inline__ vector bool short __ATTRS_o_ai vec_perm(
                             ^
/Applications/Xcode.app/Contents/Developer/Toolchains/XcodeDefault.xctoolchain/usr/lib/clang/9.0.0/include/altivec.h:81:5: error: unknown type name 'vector'
    vector bool short __a, vector bool short __b, vector unsigned char __c);
    ^
/Applications/Xcode.app/Contents/Developer/Toolchains/XcodeDefault.xctoolchain/usr/lib/clang/9.0.0/include/altivec.h:81:17: error: expected ')'
    vector bool short __a, vector bool short __b, vector unsigned char __c);
                ^
/Applications/Xcode.app/Contents/Developer/Toolchains/XcodeDefault.xctoolchain/usr/lib/clang/9.0.0/include/altivec.h:80:58: note: to match this '('
static __inline__ vector bool short __ATTRS_o_ai vec_perm(
                                                         ^
fatal error: too many errors emitted, stopping now [-ferror-limit=]
20 errors generated.
configure:16001: $? = 1
configure: failed program was:
| /* confdefs.h */
| #define PACKAGE_NAME "fftw"
| #define PACKAGE_TARNAME "fftw"
| #define PACKAGE_VERSION "3.3.7"
| #define PACKAGE_STRING "fftw 3.3.7"
| #define PACKAGE_BUGREPORT "fftw@fftw.org"
| #define PACKAGE_URL ""
| #define PACKAGE "fftw"
| #define VERSION "3.3.7"
| #define FFTW_ENABLE_ALLOCA 1
| #define FFTW_SINGLE 1
| #define BENCHFFT_SINGLE 1
| #define STDC_HEADERS 1
| #define HAVE_SYS_TYPES_H 1
| #define HAVE_SYS_STAT_H 1
| #define HAVE_STDLIB_H 1
| #define HAVE_STRING_H 1
| #define HAVE_MEMORY_H 1
| #define HAVE_STRINGS_H 1
| #define HAVE_INTTYPES_H 1
| #define HAVE_STDINT_H 1
| #define HAVE_UNISTD_H 1
| #define HAVE_DLFCN_H 1
| #define LT_OBJDIR ".libs/"
| #define STDC_HEADERS 1
| #define HAVE_FCNTL_H 1
| #define HAVE_FENV_H 1
| #define HAVE_LIMITS_H 1
| #define HAVE_STDDEF_H 1
| #define HAVE_SYS_TIME_H 1
| /* end confdefs.h.  */
| #include <stdio.h>
| #ifdef HAVE_SYS_TYPES_H
| # include <sys/types.h>
| #endif
| #ifdef HAVE_SYS_STAT_H
| # include <sys/stat.h>
| #endif
| #ifdef STDC_HEADERS
| # include <stdlib.h>
| # include <stddef.h>
| #else
| # ifdef HAVE_STDLIB_H
| #  include <stdlib.h>
| # endif
| #endif
| #ifdef HAVE_STRING_H
| # if !defined STDC_HEADERS && defined HAVE_MEMORY_H
| #  include <memory.h>
| # endif
| # include <string.h>
| #endif
| #ifdef HAVE_STRINGS_H
| # include <strings.h>
| #endif
| #ifdef HAVE_INTTYPES_H
| # include <inttypes.h>
| #endif
| #ifdef HAVE_STDINT_H
| # include <stdint.h>
| #endif
| #ifdef HAVE_UNISTD_H
| # include <unistd.h>
| #endif
| #include <altivec.h>
configure:16001: result: no
configure:16001: checking altivec.h presence
configure:16001: gcc -E    conftest.c
In file included from conftest.c:32:
/Applications/Xcode.app/Contents/Developer/Toolchains/XcodeDefault.xctoolchain/usr/lib/clang/9.0.0/include/altivec.h:27:2: error: "AltiVec support not enabled"
#error "AltiVec support not enabled"
 ^
1 error generated.
configure:16001: $? = 1
configure: failed program was:
| /* confdefs.h */
| #define PACKAGE_NAME "fftw"
| #define PACKAGE_TARNAME "fftw"
| #define PACKAGE_VERSION "3.3.7"
| #define PACKAGE_STRING "fftw 3.3.7"
| #define PACKAGE_BUGREPORT "fftw@fftw.org"
| #define PACKAGE_URL ""
| #define PACKAGE "fftw"
| #define VERSION "3.3.7"
| #define FFTW_ENABLE_ALLOCA 1
| #define FFTW_SINGLE 1
| #define BENCHFFT_SINGLE 1
| #define STDC_HEADERS 1
| #define HAVE_SYS_TYPES_H 1
| #define HAVE_SYS_STAT_H 1
| #define HAVE_STDLIB_H 1
| #define HAVE_STRING_H 1
| #define HAVE_MEMORY_H 1
| #define HAVE_STRINGS_H 1
| #define HAVE_INTTYPES_H 1
| #define HAVE_STDINT_H 1
| #define HAVE_UNISTD_H 1
| #define HAVE_DLFCN_H 1
| #define LT_OBJDIR ".libs/"
| #define STDC_HEADERS 1
| #define HAVE_FCNTL_H 1
| #define HAVE_FENV_H 1
| #define HAVE_LIMITS_H 1
| #define HAVE_STDDEF_H 1
| #define HAVE_SYS_TIME_H 1
| /* end confdefs.h.  */
| #include <altivec.h>
configure:16001: result: no
configure:16001: checking for altivec.h
configure:16001: result: no
configure:16014: checking for an ANSI C-conforming const
configure:16080: gcc -c -O3 -fomit-frame-pointer -mtune=native -fstrict-aliasing -ffast-math  conftest.c >&5
configure:16080: $? = 0
configure:16087: result: yes
configure:16095: checking for inline
configure:16111: gcc -c -O3 -fomit-frame-pointer -mtune=native -fstrict-aliasing -ffast-math  conftest.c >&5
configure:16111: $? = 0
configure:16119: result: inline
configure:16137: checking for size_t
configure:16137: gcc -c -O3 -fomit-frame-pointer -mtune=native -fstrict-aliasing -ffast-math  conftest.c >&5
configure:16137: $? = 0
configure:16137: gcc -c -O3 -fomit-frame-pointer -mtune=native -fstrict-aliasing -ffast-math  conftest.c >&5
conftest.c:68:21: error: expected expression
if (sizeof ((size_t)))
                    ^
1 error generated.
configure:16137: $? = 1
configure: failed program was:
| /* confdefs.h */
| #define PACKAGE_NAME "fftw"
| #define PACKAGE_TARNAME "fftw"
| #define PACKAGE_VERSION "3.3.7"
| #define PACKAGE_STRING "fftw 3.3.7"
| #define PACKAGE_BUGREPORT "fftw@fftw.org"
| #define PACKAGE_URL ""
| #define PACKAGE "fftw"
| #define VERSION "3.3.7"
| #define FFTW_ENABLE_ALLOCA 1
| #define FFTW_SINGLE 1
| #define BENCHFFT_SINGLE 1
| #define STDC_HEADERS 1
| #define HAVE_SYS_TYPES_H 1
| #define HAVE_SYS_STAT_H 1
| #define HAVE_STDLIB_H 1
| #define HAVE_STRING_H 1
| #define HAVE_MEMORY_H 1
| #define HAVE_STRINGS_H 1
| #define HAVE_INTTYPES_H 1
| #define HAVE_STDINT_H 1
| #define HAVE_UNISTD_H 1
| #define HAVE_DLFCN_H 1
| #define LT_OBJDIR ".libs/"
| #define STDC_HEADERS 1
| #define HAVE_FCNTL_H 1
| #define HAVE_FENV_H 1
| #define HAVE_LIMITS_H 1
| #define HAVE_STDDEF_H 1
| #define HAVE_SYS_TIME_H 1
| /* end confdefs.h.  */
| #include <stdio.h>
| #ifdef HAVE_SYS_TYPES_H
| # include <sys/types.h>
| #endif
| #ifdef HAVE_SYS_STAT_H
| # include <sys/stat.h>
| #endif
| #ifdef STDC_HEADERS
| # include <stdlib.h>
| # include <stddef.h>
| #else
| # ifdef HAVE_STDLIB_H
| #  include <stdlib.h>
| # endif
| #endif
| #ifdef HAVE_STRING_H
| # if !defined STDC_HEADERS && defined HAVE_MEMORY_H
| #  include <memory.h>
| # endif
| # include <string.h>
| #endif
| #ifdef HAVE_STRINGS_H
| # include <strings.h>
| #endif
| #ifdef HAVE_INTTYPES_H
| # include <inttypes.h>
| #endif
| #ifdef HAVE_STDINT_H
| # include <stdint.h>
| #endif
| #ifdef HAVE_UNISTD_H
| # include <unistd.h>
| #endif
| int
| main ()
| {
| if (sizeof ((size_t)))
| 	    return 0;
|   ;
|   return 0;
| }
configure:16137: result: yes
configure:16148: checking for uint32_t
configure:16148: gcc -c -O3 -fomit-frame-pointer -mtune=native -fstrict-aliasing -ffast-math  conftest.c >&5
configure:16148: $? = 0
configure:16148: result: yes
configure:16162: checking for uint64_t
configure:16162: gcc -c -O3 -fomit-frame-pointer -mtune=native -fstrict-aliasing -ffast-math  conftest.c >&5
configure:16162: $? = 0
configure:16162: result: yes
configure:16176: checking whether time.h and sys/time.h may both be included
configure:16196: gcc -c -O3 -fomit-frame-pointer -mtune=native -fstrict-aliasing -ffast-math  conftest.c >&5
configure:16196: $? = 0
configure:16203: result: yes
configure:16211: checking for long double
configure:16211: gcc -c -O3 -fomit-frame-pointer -mtune=native -fstrict-aliasing -ffast-math  conftest.c >&5
configure:16211: $? = 0
configure:16211: gcc -c -O3 -fomit-frame-pointer -mtune=native -fstrict-aliasing -ffast-math  conftest.c >&5
conftest.c:69:26: error: expected expression
if (sizeof ((long double)))
                         ^
1 error generated.
configure:16211: $? = 1
configure: failed program was:
| /* confdefs.h */
| #define PACKAGE_NAME "fftw"
| #define PACKAGE_TARNAME "fftw"
| #define PACKAGE_VERSION "3.3.7"
| #define PACKAGE_STRING "fftw 3.3.7"
| #define PACKAGE_BUGREPORT "fftw@fftw.org"
| #define PACKAGE_URL ""
| #define PACKAGE "fftw"
| #define VERSION "3.3.7"
| #define FFTW_ENABLE_ALLOCA 1
| #define FFTW_SINGLE 1
| #define BENCHFFT_SINGLE 1
| #define STDC_HEADERS 1
| #define HAVE_SYS_TYPES_H 1
| #define HAVE_SYS_STAT_H 1
| #define HAVE_STDLIB_H 1
| #define HAVE_STRING_H 1
| #define HAVE_MEMORY_H 1
| #define HAVE_STRINGS_H 1
| #define HAVE_INTTYPES_H 1
| #define HAVE_STDINT_H 1
| #define HAVE_UNISTD_H 1
| #define HAVE_DLFCN_H 1
| #define LT_OBJDIR ".libs/"
| #define STDC_HEADERS 1
| #define HAVE_FCNTL_H 1
| #define HAVE_FENV_H 1
| #define HAVE_LIMITS_H 1
| #define HAVE_STDDEF_H 1
| #define HAVE_SYS_TIME_H 1
| #define TIME_WITH_SYS_TIME 1
| /* end confdefs.h.  */
| #include <stdio.h>
| #ifdef HAVE_SYS_TYPES_H
| # include <sys/types.h>
| #endif
| #ifdef HAVE_SYS_STAT_H
| # include <sys/stat.h>
| #endif
| #ifdef STDC_HEADERS
| # include <stdlib.h>
| # include <stddef.h>
| #else
| # ifdef HAVE_STDLIB_H
| #  include <stdlib.h>
| # endif
| #endif
| #ifdef HAVE_STRING_H
| # if !defined STDC_HEADERS && defined HAVE_MEMORY_H
| #  include <memory.h>
| # endif
| # include <string.h>
| #endif
| #ifdef HAVE_STRINGS_H
| # include <strings.h>
| #endif
| #ifdef HAVE_INTTYPES_H
| # include <inttypes.h>
| #endif
| #ifdef HAVE_STDINT_H
| # include <stdint.h>
| #endif
| #ifdef HAVE_UNISTD_H
| # include <unistd.h>
| #endif
| int
| main ()
| {
| if (sizeof ((long double)))
| 	    return 0;
|   ;
|   return 0;
| }
configure:16211: result: yes
configure:16224: checking for hrtime_t
configure:16224: gcc -c -O3 -fomit-frame-pointer -mtune=native -fstrict-aliasing -ffast-math  conftest.c >&5
conftest.c:43:13: error: use of undeclared identifier 'hrtime_t'; did you mean 'gmtime_r'?
if (sizeof (hrtime_t))
            ^~~~~~~~
            gmtime_r
/Applications/Xcode.app/Contents/Developer/Platforms/MacOSX.platform/Developer/SDKs/MacOSX10.13.sdk/usr/include/time.h:126:12: note: 'gmtime_r' declared here
struct tm *gmtime_r(const time_t * __restrict, struct tm * __restrict);
           ^
1 error generated.
configure:16224: $? = 1
configure: failed program was:
| /* confdefs.h */
| #define PACKAGE_NAME "fftw"
| #define PACKAGE_TARNAME "fftw"
| #define PACKAGE_VERSION "3.3.7"
| #define PACKAGE_STRING "fftw 3.3.7"
| #define PACKAGE_BUGREPORT "fftw@fftw.org"
| #define PACKAGE_URL ""
| #define PACKAGE "fftw"
| #define VERSION "3.3.7"
| #define FFTW_ENABLE_ALLOCA 1
| #define FFTW_SINGLE 1
| #define BENCHFFT_SINGLE 1
| #define STDC_HEADERS 1
| #define HAVE_SYS_TYPES_H 1
| #define HAVE_SYS_STAT_H 1
| #define HAVE_STDLIB_H 1
| #define HAVE_STRING_H 1
| #define HAVE_MEMORY_H 1
| #define HAVE_STRINGS_H 1
| #define HAVE_INTTYPES_H 1
| #define HAVE_STDINT_H 1
| #define HAVE_UNISTD_H 1
| #define HAVE_DLFCN_H 1
| #define LT_OBJDIR ".libs/"
| #define STDC_HEADERS 1
| #define HAVE_FCNTL_H 1
| #define HAVE_FENV_H 1
| #define HAVE_LIMITS_H 1
| #define HAVE_STDDEF_H 1
| #define HAVE_SYS_TIME_H 1
| #define TIME_WITH_SYS_TIME 1
| #define HAVE_LONG_DOUBLE 1
| /* end confdefs.h.  */
| 
| #if HAVE_SYS_TIME_H
| #include <sys/time.h>
| #endif
| 
| 
| int
| main ()
| {
| if (sizeof (hrtime_t))
| 	 return 0;
|   ;
|   return 0;
| }
configure:16224: result: no
configure:16241: checking size of int
configure:16246: gcc -o conftest -O3 -fomit-frame-pointer -mtune=native -fstrict-aliasing -ffast-math   conftest.c  >&5
configure:16246: $? = 0
configure:16246: ./conftest
configure:16246: $? = 0
configure:16260: result: 4
configure:16274: checking size of unsigned int
configure:16279: gcc -o conftest -O3 -fomit-frame-pointer -mtune=native -fstrict-aliasing -ffast-math   conftest.c  >&5
configure:16279: $? = 0
configure:16279: ./conftest
configure:16279: $? = 0
configure:16293: result: 4
configure:16307: checking size of long
configure:16312: gcc -o conftest -O3 -fomit-frame-pointer -mtune=native -fstrict-aliasing -ffast-math   conftest.c  >&5
configure:16312: $? = 0
configure:16312: ./conftest
configure:16312: $? = 0
configure:16326: result: 8
configure:16340: checking size of unsigned long
configure:16345: gcc -o conftest -O3 -fomit-frame-pointer -mtune=native -fstrict-aliasing -ffast-math   conftest.c  >&5
configure:16345: $? = 0
configure:16345: ./conftest
configure:16345: $? = 0
configure:16359: result: 8
configure:16373: checking size of long long
configure:16378: gcc -o conftest -O3 -fomit-frame-pointer -mtune=native -fstrict-aliasing -ffast-math   conftest.c  >&5
configure:16378: $? = 0
configure:16378: ./conftest
configure:16378: $? = 0
configure:16392: result: 8
configure:16406: checking size of unsigned long long
configure:16411: gcc -o conftest -O3 -fomit-frame-pointer -mtune=native -fstrict-aliasing -ffast-math   conftest.c  >&5
configure:16411: $? = 0
configure:16411: ./conftest
configure:16411: $? = 0
configure:16425: result: 8
configure:16439: checking size of size_t
configure:16444: gcc -o conftest -O3 -fomit-frame-pointer -mtune=native -fstrict-aliasing -ffast-math   conftest.c  >&5
configure:16444: $? = 0
configure:16444: ./conftest
configure:16444: $? = 0
configure:16458: result: 8
configure:16472: checking size of ptrdiff_t
configure:16477: gcc -o conftest -O3 -fomit-frame-pointer -mtune=native -fstrict-aliasing -ffast-math   conftest.c  >&5
configure:16477: $? = 0
configure:16477: ./conftest
configure:16477: $? = 0
configure:16491: result: 8
configure:16502: checking for ptrdiff_t
configure:16502: gcc -c -O3 -fomit-frame-pointer -mtune=native -fstrict-aliasing -ffast-math  conftest.c >&5
configure:16502: $? = 0
configure:16502: gcc -c -O3 -fomit-frame-pointer -mtune=native -fstrict-aliasing -ffast-math  conftest.c >&5
conftest.c:78:24: error: expected expression
if (sizeof ((ptrdiff_t)))
                       ^
1 error generated.
configure:16502: $? = 1
configure: failed program was:
| /* confdefs.h */
| #define PACKAGE_NAME "fftw"
| #define PACKAGE_TARNAME "fftw"
| #define PACKAGE_VERSION "3.3.7"
| #define PACKAGE_STRING "fftw 3.3.7"
| #define PACKAGE_BUGREPORT "fftw@fftw.org"
| #define PACKAGE_URL ""
| #define PACKAGE "fftw"
| #define VERSION "3.3.7"
| #define FFTW_ENABLE_ALLOCA 1
| #define FFTW_SINGLE 1
| #define BENCHFFT_SINGLE 1
| #define STDC_HEADERS 1
| #define HAVE_SYS_TYPES_H 1
| #define HAVE_SYS_STAT_H 1
| #define HAVE_STDLIB_H 1
| #define HAVE_STRING_H 1
| #define HAVE_MEMORY_H 1
| #define HAVE_STRINGS_H 1
| #define HAVE_INTTYPES_H 1
| #define HAVE_STDINT_H 1
| #define HAVE_UNISTD_H 1
| #define HAVE_DLFCN_H 1
| #define LT_OBJDIR ".libs/"
| #define STDC_HEADERS 1
| #define HAVE_FCNTL_H 1
| #define HAVE_FENV_H 1
| #define HAVE_LIMITS_H 1
| #define HAVE_STDDEF_H 1
| #define HAVE_SYS_TIME_H 1
| #define TIME_WITH_SYS_TIME 1
| #define HAVE_LONG_DOUBLE 1
| #define SIZEOF_INT 4
| #define SIZEOF_UNSIGNED_INT 4
| #define SIZEOF_LONG 8
| #define SIZEOF_UNSIGNED_LONG 8
| #define SIZEOF_LONG_LONG 8
| #define SIZEOF_UNSIGNED_LONG_LONG 8
| #define SIZEOF_SIZE_T 8
| #define SIZEOF_PTRDIFF_T 8
| /* end confdefs.h.  */
| #include <stdio.h>
| #ifdef HAVE_SYS_TYPES_H
| # include <sys/types.h>
| #endif
| #ifdef HAVE_SYS_STAT_H
| # include <sys/stat.h>
| #endif
| #ifdef STDC_HEADERS
| # include <stdlib.h>
| # include <stddef.h>
| #else
| # ifdef HAVE_STDLIB_H
| #  include <stdlib.h>
| # endif
| #endif
| #ifdef HAVE_STRING_H
| # if !defined STDC_HEADERS && defined HAVE_MEMORY_H
| #  include <memory.h>
| # endif
| # include <string.h>
| #endif
| #ifdef HAVE_STRINGS_H
| # include <strings.h>
| #endif
| #ifdef HAVE_INTTYPES_H
| # include <inttypes.h>
| #endif
| #ifdef HAVE_STDINT_H
| # include <stdint.h>
| #endif
| #ifdef HAVE_UNISTD_H
| # include <unistd.h>
| #endif
| int
| main ()
| {
| if (sizeof ((ptrdiff_t)))
| 	    return 0;
|   ;
|   return 0;
| }
configure:16502: result: yes
configure:16512: checking for uintptr_t
configure:16512: gcc -c -O3 -fomit-frame-pointer -mtune=native -fstrict-aliasing -ffast-math  conftest.c >&5
configure:16512: $? = 0
configure:16512: gcc -c -O3 -fomit-frame-pointer -mtune=native -fstrict-aliasing -ffast-math  conftest.c >&5
conftest.c:83:24: error: expected expression
if (sizeof ((uintptr_t)))
                       ^
1 error generated.
configure:16512: $? = 1
configure: failed program was:
| /* confdefs.h */
| #define PACKAGE_NAME "fftw"
| #define PACKAGE_TARNAME "fftw"
| #define PACKAGE_VERSION "3.3.7"
| #define PACKAGE_STRING "fftw 3.3.7"
| #define PACKAGE_BUGREPORT "fftw@fftw.org"
| #define PACKAGE_URL ""
| #define PACKAGE "fftw"
| #define VERSION "3.3.7"
| #define FFTW_ENABLE_ALLOCA 1
| #define FFTW_SINGLE 1
| #define BENCHFFT_SINGLE 1
| #define STDC_HEADERS 1
| #define HAVE_SYS_TYPES_H 1
| #define HAVE_SYS_STAT_H 1
| #define HAVE_STDLIB_H 1
| #define HAVE_STRING_H 1
| #define HAVE_MEMORY_H 1
| #define HAVE_STRINGS_H 1
| #define HAVE_INTTYPES_H 1
| #define HAVE_STDINT_H 1
| #define HAVE_UNISTD_H 1
| #define HAVE_DLFCN_H 1
| #define LT_OBJDIR ".libs/"
| #define STDC_HEADERS 1
| #define HAVE_FCNTL_H 1
| #define HAVE_FENV_H 1
| #define HAVE_LIMITS_H 1
| #define HAVE_STDDEF_H 1
| #define HAVE_SYS_TIME_H 1
| #define TIME_WITH_SYS_TIME 1
| #define HAVE_LONG_DOUBLE 1
| #define SIZEOF_INT 4
| #define SIZEOF_UNSIGNED_INT 4
| #define SIZEOF_LONG 8
| #define SIZEOF_UNSIGNED_LONG 8
| #define SIZEOF_LONG_LONG 8
| #define SIZEOF_UNSIGNED_LONG_LONG 8
| #define SIZEOF_SIZE_T 8
| #define SIZEOF_PTRDIFF_T 8
| #define HAVE_PTRDIFF_T 1
| /* end confdefs.h.  */
| #include <stdio.h>
| #ifdef HAVE_SYS_TYPES_H
| # include <sys/types.h>
| #endif
| #ifdef HAVE_SYS_STAT_H
| # include <sys/stat.h>
| #endif
| #ifdef STDC_HEADERS
| # include <stdlib.h>
| # include <stddef.h>
| #else
| # ifdef HAVE_STDLIB_H
| #  include <stdlib.h>
| # endif
| #endif
| #ifdef HAVE_STRING_H
| # if !defined STDC_HEADERS && defined HAVE_MEMORY_H
| #  include <memory.h>
| # endif
| # include <string.h>
| #endif
| #ifdef HAVE_STRINGS_H
| # include <strings.h>
| #endif
| #ifdef HAVE_INTTYPES_H
| # include <inttypes.h>
| #endif
| #ifdef HAVE_STDINT_H
| # include <stdint.h>
| #endif
| #ifdef HAVE_UNISTD_H
| # include <unistd.h>
| #endif
| #ifdef HAVE_STDINT_H
| #  include <stdint.h>
| #endif
| 
| int
| main ()
| {
| if (sizeof ((uintptr_t)))
| 	    return 0;
|   ;
|   return 0;
| }
configure:16512: result: yes
configure:16565: checking size of float
configure:16570: gcc -o conftest -O3 -fomit-frame-pointer -mtune=native -fstrict-aliasing -ffast-math   conftest.c  >&5
configure:16570: $? = 0
configure:16570: ./conftest
configure:16570: $? = 0
configure:16584: result: 4
configure:16598: checking size of double
configure:16603: gcc -o conftest -O3 -fomit-frame-pointer -mtune=native -fstrict-aliasing -ffast-math   conftest.c  >&5
configure:16603: $? = 0
configure:16603: ./conftest
configure:16603: $? = 0
configure:16617: result: 8
configure:16632: checking size of fftw_r2r_kind
configure:16637: gcc -o conftest -O3 -fomit-frame-pointer -mtune=native -fstrict-aliasing -ffast-math   conftest.c  >&5
configure:16637: $? = 0
configure:16637: ./conftest
configure:16637: $? = 0
configure:16656: result: 4
configure:16672: checking for working alloca.h
configure:16689: gcc -o conftest -O3 -fomit-frame-pointer -mtune=native -fstrict-aliasing -ffast-math   conftest.c  >&5
configure:16689: $? = 0
configure:16697: result: yes
configure:16705: checking for alloca
configure:16742: gcc -o conftest -O3 -fomit-frame-pointer -mtune=native -fstrict-aliasing -ffast-math   conftest.c  >&5
configure:16742: $? = 0
configure:16750: result: yes
configure:16856: checking for working strtod
configure:16897: gcc -o conftest -O3 -fomit-frame-pointer -mtune=native -fstrict-aliasing -ffast-math   conftest.c  >&5
configure:16897: $? = 0
configure:16897: ./conftest
configure:16897: $? = 0
configure:16907: result: yes
configure:16971: checking for vprintf
configure:16971: gcc -o conftest -O3 -fomit-frame-pointer -mtune=native -fstrict-aliasing -ffast-math   conftest.c  >&5
conftest.c:72:6: warning: incompatible redeclaration of library function 'vprintf' [-Wincompatible-library-redeclaration]
char vprintf ();
     ^
conftest.c:72:6: note: 'vprintf' is a builtin with type 'int (const char *, struct __va_list_tag *)'
1 warning generated.
configure:16971: $? = 0
configure:16971: result: yes
configure:16977: checking for _doprnt
configure:16977: gcc -o conftest -O3 -fomit-frame-pointer -mtune=native -fstrict-aliasing -ffast-math   conftest.c  >&5
Undefined symbols for architecture x86_64:
  "__doprnt", referenced from:
      _main in conftest-3fa5d1.o
ld: symbol(s) not found for architecture x86_64
clang: error: linker command failed with exit code 1 (use -v to see invocation)
configure:16977: $? = 1
configure: failed program was:
| /* confdefs.h */
| #define PACKAGE_NAME "fftw"
| #define PACKAGE_TARNAME "fftw"
| #define PACKAGE_VERSION "3.3.7"
| #define PACKAGE_STRING "fftw 3.3.7"
| #define PACKAGE_BUGREPORT "fftw@fftw.org"
| #define PACKAGE_URL ""
| #define PACKAGE "fftw"
| #define VERSION "3.3.7"
| #define FFTW_ENABLE_ALLOCA 1
| #define FFTW_SINGLE 1
| #define BENCHFFT_SINGLE 1
| #define STDC_HEADERS 1
| #define HAVE_SYS_TYPES_H 1
| #define HAVE_SYS_STAT_H 1
| #define HAVE_STDLIB_H 1
| #define HAVE_STRING_H 1
| #define HAVE_MEMORY_H 1
| #define HAVE_STRINGS_H 1
| #define HAVE_INTTYPES_H 1
| #define HAVE_STDINT_H 1
| #define HAVE_UNISTD_H 1
| #define HAVE_DLFCN_H 1
| #define LT_OBJDIR ".libs/"
| #define STDC_HEADERS 1
| #define HAVE_FCNTL_H 1
| #define HAVE_FENV_H 1
| #define HAVE_LIMITS_H 1
| #define HAVE_STDDEF_H 1
| #define HAVE_SYS_TIME_H 1
| #define TIME_WITH_SYS_TIME 1
| #define HAVE_LONG_DOUBLE 1
| #define SIZEOF_INT 4
| #define SIZEOF_UNSIGNED_INT 4
| #define SIZEOF_LONG 8
| #define SIZEOF_UNSIGNED_LONG 8
| #define SIZEOF_LONG_LONG 8
| #define SIZEOF_UNSIGNED_LONG_LONG 8
| #define SIZEOF_SIZE_T 8
| #define SIZEOF_PTRDIFF_T 8
| #define HAVE_PTRDIFF_T 1
| #define HAVE_UINTPTR_T 1
| #define SIZEOF_FLOAT 4
| #define SIZEOF_DOUBLE 8
| #define SIZEOF_FFTW_R2R_KIND 4
| #define HAVE_ALLOCA_H 1
| #define HAVE_ALLOCA 1
| #define HAVE_VPRINTF 1
| /* end confdefs.h.  */
| /* Define _doprnt to an innocuous variant, in case <limits.h> declares _doprnt.
|    For example, HP-UX 11i <limits.h> declares gettimeofday.  */
| #define _doprnt innocuous__doprnt
| 
| /* System header to define __stub macros and hopefully few prototypes,
|     which can conflict with char _doprnt (); below.
|     Prefer <limits.h> to <assert.h> if __STDC__ is defined, since
|     <limits.h> exists even on freestanding compilers.  */
| 
| #ifdef __STDC__
| # include <limits.h>
| #else
| # include <assert.h>
| #endif
| 
| #undef _doprnt
| 
| /* Override any GCC internal prototype to avoid an error.
|    Use char because int might match the return type of a GCC
|    builtin and then its argument prototype would still apply.  */
| #ifdef __cplusplus
| extern "C"
| #endif
| char _doprnt ();
| /* The GNU C library defines this for functions which it implements
|     to always fail with ENOSYS.  Some functions are actually named
|     something starting with __ and the normal name is an alias.  */
| #if defined __stub__doprnt || defined __stub____doprnt
| choke me
| #endif
| 
| int
| main ()
| {
| return _doprnt ();
|   ;
|   return 0;
| }
configure:16977: result: no
configure:16988: checking for sin in -lm
configure:17013: gcc -o conftest -O3 -fomit-frame-pointer -mtune=native -fstrict-aliasing -ffast-math   conftest.c -lm   >&5
conftest.c:57:6: warning: incompatible redeclaration of library function 'sin' [-Wincompatible-library-redeclaration]
char sin ();
     ^
conftest.c:57:6: note: 'sin' is a builtin with type 'double (double)'
1 warning generated.
configure:17013: $? = 0
configure:17022: result: yes
configure:17127: checking for BSDgettimeofday
configure:17127: gcc -o conftest -O3 -fomit-frame-pointer -mtune=native -fstrict-aliasing -ffast-math   conftest.c -lm  >&5
Undefined symbols for architecture x86_64:
  "_BSDgettimeofday", referenced from:
      _main in conftest-e6665b.o
ld: symbol(s) not found for architecture x86_64
clang: error: linker command failed with exit code 1 (use -v to see invocation)
configure:17127: $? = 1
configure: failed program was:
| /* confdefs.h */
| #define PACKAGE_NAME "fftw"
| #define PACKAGE_TARNAME "fftw"
| #define PACKAGE_VERSION "3.3.7"
| #define PACKAGE_STRING "fftw 3.3.7"
| #define PACKAGE_BUGREPORT "fftw@fftw.org"
| #define PACKAGE_URL ""
| #define PACKAGE "fftw"
| #define VERSION "3.3.7"
| #define FFTW_ENABLE_ALLOCA 1
| #define FFTW_SINGLE 1
| #define BENCHFFT_SINGLE 1
| #define STDC_HEADERS 1
| #define HAVE_SYS_TYPES_H 1
| #define HAVE_SYS_STAT_H 1
| #define HAVE_STDLIB_H 1
| #define HAVE_STRING_H 1
| #define HAVE_MEMORY_H 1
| #define HAVE_STRINGS_H 1
| #define HAVE_INTTYPES_H 1
| #define HAVE_STDINT_H 1
| #define HAVE_UNISTD_H 1
| #define HAVE_DLFCN_H 1
| #define LT_OBJDIR ".libs/"
| #define STDC_HEADERS 1
| #define HAVE_FCNTL_H 1
| #define HAVE_FENV_H 1
| #define HAVE_LIMITS_H 1
| #define HAVE_STDDEF_H 1
| #define HAVE_SYS_TIME_H 1
| #define TIME_WITH_SYS_TIME 1
| #define HAVE_LONG_DOUBLE 1
| #define SIZEOF_INT 4
| #define SIZEOF_UNSIGNED_INT 4
| #define SIZEOF_LONG 8
| #define SIZEOF_UNSIGNED_LONG 8
| #define SIZEOF_LONG_LONG 8
| #define SIZEOF_UNSIGNED_LONG_LONG 8
| #define SIZEOF_SIZE_T 8
| #define SIZEOF_PTRDIFF_T 8
| #define HAVE_PTRDIFF_T 1
| #define HAVE_UINTPTR_T 1
| #define SIZEOF_FLOAT 4
| #define SIZEOF_DOUBLE 8
| #define SIZEOF_FFTW_R2R_KIND 4
| #define HAVE_ALLOCA_H 1
| #define HAVE_ALLOCA 1
| #define HAVE_VPRINTF 1
| #define HAVE_LIBM 1
| /* end confdefs.h.  */
| /* Define BSDgettimeofday to an innocuous variant, in case <limits.h> declares BSDgettimeofday.
|    For example, HP-UX 11i <limits.h> declares gettimeofday.  */
| #define BSDgettimeofday innocuous_BSDgettimeofday
| 
| /* System header to define __stub macros and hopefully few prototypes,
|     which can conflict with char BSDgettimeofday (); below.
|     Prefer <limits.h> to <assert.h> if __STDC__ is defined, since
|     <limits.h> exists even on freestanding compilers.  */
| 
| #ifdef __STDC__
| # include <limits.h>
| #else
| # include <assert.h>
| #endif
| 
| #undef BSDgettimeofday
| 
| /* Override any GCC internal prototype to avoid an error.
|    Use char because int might match the return type of a GCC
|    builtin and then its argument prototype would still apply.  */
| #ifdef __cplusplus
| extern "C"
| #endif
| char BSDgettimeofday ();
| /* The GNU C library defines this for functions which it implements
|     to always fail with ENOSYS.  Some functions are actually named
|     something starting with __ and the normal name is an alias.  */
| #if defined __stub_BSDgettimeofday || defined __stub___BSDgettimeofday
| choke me
| #endif
| 
| int
| main ()
| {
| return BSDgettimeofday ();
|   ;
|   return 0;
| }
configure:17127: result: no
configure:17127: checking for gettimeofday
configure:17127: gcc -o conftest -O3 -fomit-frame-pointer -mtune=native -fstrict-aliasing -ffast-math   conftest.c -lm  >&5
configure:17127: $? = 0
configure:17127: result: yes
configure:17127: checking for gethrtime
configure:17127: gcc -o conftest -O3 -fomit-frame-pointer -mtune=native -fstrict-aliasing -ffast-math   conftest.c -lm  >&5
Undefined symbols for architecture x86_64:
  "_gethrtime", referenced from:
      _main in conftest-a10d61.o
ld: symbol(s) not found for architecture x86_64
clang: error: linker command failed with exit code 1 (use -v to see invocation)
configure:17127: $? = 1
configure: failed program was:
| /* confdefs.h */
| #define PACKAGE_NAME "fftw"
| #define PACKAGE_TARNAME "fftw"
| #define PACKAGE_VERSION "3.3.7"
| #define PACKAGE_STRING "fftw 3.3.7"
| #define PACKAGE_BUGREPORT "fftw@fftw.org"
| #define PACKAGE_URL ""
| #define PACKAGE "fftw"
| #define VERSION "3.3.7"
| #define FFTW_ENABLE_ALLOCA 1
| #define FFTW_SINGLE 1
| #define BENCHFFT_SINGLE 1
| #define STDC_HEADERS 1
| #define HAVE_SYS_TYPES_H 1
| #define HAVE_SYS_STAT_H 1
| #define HAVE_STDLIB_H 1
| #define HAVE_STRING_H 1
| #define HAVE_MEMORY_H 1
| #define HAVE_STRINGS_H 1
| #define HAVE_INTTYPES_H 1
| #define HAVE_STDINT_H 1
| #define HAVE_UNISTD_H 1
| #define HAVE_DLFCN_H 1
| #define LT_OBJDIR ".libs/"
| #define STDC_HEADERS 1
| #define HAVE_FCNTL_H 1
| #define HAVE_FENV_H 1
| #define HAVE_LIMITS_H 1
| #define HAVE_STDDEF_H 1
| #define HAVE_SYS_TIME_H 1
| #define TIME_WITH_SYS_TIME 1
| #define HAVE_LONG_DOUBLE 1
| #define SIZEOF_INT 4
| #define SIZEOF_UNSIGNED_INT 4
| #define SIZEOF_LONG 8
| #define SIZEOF_UNSIGNED_LONG 8
| #define SIZEOF_LONG_LONG 8
| #define SIZEOF_UNSIGNED_LONG_LONG 8
| #define SIZEOF_SIZE_T 8
| #define SIZEOF_PTRDIFF_T 8
| #define HAVE_PTRDIFF_T 1
| #define HAVE_UINTPTR_T 1
| #define SIZEOF_FLOAT 4
| #define SIZEOF_DOUBLE 8
| #define SIZEOF_FFTW_R2R_KIND 4
| #define HAVE_ALLOCA_H 1
| #define HAVE_ALLOCA 1
| #define HAVE_VPRINTF 1
| #define HAVE_LIBM 1
| #define HAVE_GETTIMEOFDAY 1
| /* end confdefs.h.  */
| /* Define gethrtime to an innocuous variant, in case <limits.h> declares gethrtime.
|    For example, HP-UX 11i <limits.h> declares gettimeofday.  */
| #define gethrtime innocuous_gethrtime
| 
| /* System header to define __stub macros and hopefully few prototypes,
|     which can conflict with char gethrtime (); below.
|     Prefer <limits.h> to <assert.h> if __STDC__ is defined, since
|     <limits.h> exists even on freestanding compilers.  */
| 
| #ifdef __STDC__
| # include <limits.h>
| #else
| # include <assert.h>
| #endif
| 
| #undef gethrtime
| 
| /* Override any GCC internal prototype to avoid an error.
|    Use char because int might match the return type of a GCC
|    builtin and then its argument prototype would still apply.  */
| #ifdef __cplusplus
| extern "C"
| #endif
| char gethrtime ();
| /* The GNU C library defines this for functions which it implements
|     to always fail with ENOSYS.  Some functions are actually named
|     something starting with __ and the normal name is an alias.  */
| #if defined __stub_gethrtime || defined __stub___gethrtime
| choke me
| #endif
| 
| int
| main ()
| {
| return gethrtime ();
|   ;
|   return 0;
| }
configure:17127: result: no
configure:17127: checking for read_real_time
configure:17127: gcc -o conftest -O3 -fomit-frame-pointer -mtune=native -fstrict-aliasing -ffast-math   conftest.c -lm  >&5
Undefined symbols for architecture x86_64:
  "_read_real_time", referenced from:
      _main in conftest-44eb5e.o
ld: symbol(s) not found for architecture x86_64
clang: error: linker command failed with exit code 1 (use -v to see invocation)
configure:17127: $? = 1
configure: failed program was:
| /* confdefs.h */
| #define PACKAGE_NAME "fftw"
| #define PACKAGE_TARNAME "fftw"
| #define PACKAGE_VERSION "3.3.7"
| #define PACKAGE_STRING "fftw 3.3.7"
| #define PACKAGE_BUGREPORT "fftw@fftw.org"
| #define PACKAGE_URL ""
| #define PACKAGE "fftw"
| #define VERSION "3.3.7"
| #define FFTW_ENABLE_ALLOCA 1
| #define FFTW_SINGLE 1
| #define BENCHFFT_SINGLE 1
| #define STDC_HEADERS 1
| #define HAVE_SYS_TYPES_H 1
| #define HAVE_SYS_STAT_H 1
| #define HAVE_STDLIB_H 1
| #define HAVE_STRING_H 1
| #define HAVE_MEMORY_H 1
| #define HAVE_STRINGS_H 1
| #define HAVE_INTTYPES_H 1
| #define HAVE_STDINT_H 1
| #define HAVE_UNISTD_H 1
| #define HAVE_DLFCN_H 1
| #define LT_OBJDIR ".libs/"
| #define STDC_HEADERS 1
| #define HAVE_FCNTL_H 1
| #define HAVE_FENV_H 1
| #define HAVE_LIMITS_H 1
| #define HAVE_STDDEF_H 1
| #define HAVE_SYS_TIME_H 1
| #define TIME_WITH_SYS_TIME 1
| #define HAVE_LONG_DOUBLE 1
| #define SIZEOF_INT 4
| #define SIZEOF_UNSIGNED_INT 4
| #define SIZEOF_LONG 8
| #define SIZEOF_UNSIGNED_LONG 8
| #define SIZEOF_LONG_LONG 8
| #define SIZEOF_UNSIGNED_LONG_LONG 8
| #define SIZEOF_SIZE_T 8
| #define SIZEOF_PTRDIFF_T 8
| #define HAVE_PTRDIFF_T 1
| #define HAVE_UINTPTR_T 1
| #define SIZEOF_FLOAT 4
| #define SIZEOF_DOUBLE 8
| #define SIZEOF_FFTW_R2R_KIND 4
| #define HAVE_ALLOCA_H 1
| #define HAVE_ALLOCA 1
| #define HAVE_VPRINTF 1
| #define HAVE_LIBM 1
| #define HAVE_GETTIMEOFDAY 1
| /* end confdefs.h.  */
| /* Define read_real_time to an innocuous variant, in case <limits.h> declares read_real_time.
|    For example, HP-UX 11i <limits.h> declares gettimeofday.  */
| #define read_real_time innocuous_read_real_time
| 
| /* System header to define __stub macros and hopefully few prototypes,
|     which can conflict with char read_real_time (); below.
|     Prefer <limits.h> to <assert.h> if __STDC__ is defined, since
|     <limits.h> exists even on freestanding compilers.  */
| 
| #ifdef __STDC__
| # include <limits.h>
| #else
| # include <assert.h>
| #endif
| 
| #undef read_real_time
| 
| /* Override any GCC internal prototype to avoid an error.
|    Use char because int might match the return type of a GCC
|    builtin and then its argument prototype would still apply.  */
| #ifdef __cplusplus
| extern "C"
| #endif
| char read_real_time ();
| /* The GNU C library defines this for functions which it implements
|     to always fail with ENOSYS.  Some functions are actually named
|     something starting with __ and the normal name is an alias.  */
| #if defined __stub_read_real_time || defined __stub___read_real_time
| choke me
| #endif
| 
| int
| main ()
| {
| return read_real_time ();
|   ;
|   return 0;
| }
configure:17127: result: no
configure:17127: checking for time_base_to_time
configure:17127: gcc -o conftest -O3 -fomit-frame-pointer -mtune=native -fstrict-aliasing -ffast-math   conftest.c -lm  >&5
Undefined symbols for architecture x86_64:
  "_time_base_to_time", referenced from:
      _main in conftest-cb1da4.o
ld: symbol(s) not found for architecture x86_64
clang: error: linker command failed with exit code 1 (use -v to see invocation)
configure:17127: $? = 1
configure: failed program was:
| /* confdefs.h */
| #define PACKAGE_NAME "fftw"
| #define PACKAGE_TARNAME "fftw"
| #define PACKAGE_VERSION "3.3.7"
| #define PACKAGE_STRING "fftw 3.3.7"
| #define PACKAGE_BUGREPORT "fftw@fftw.org"
| #define PACKAGE_URL ""
| #define PACKAGE "fftw"
| #define VERSION "3.3.7"
| #define FFTW_ENABLE_ALLOCA 1
| #define FFTW_SINGLE 1
| #define BENCHFFT_SINGLE 1
| #define STDC_HEADERS 1
| #define HAVE_SYS_TYPES_H 1
| #define HAVE_SYS_STAT_H 1
| #define HAVE_STDLIB_H 1
| #define HAVE_STRING_H 1
| #define HAVE_MEMORY_H 1
| #define HAVE_STRINGS_H 1
| #define HAVE_INTTYPES_H 1
| #define HAVE_STDINT_H 1
| #define HAVE_UNISTD_H 1
| #define HAVE_DLFCN_H 1
| #define LT_OBJDIR ".libs/"
| #define STDC_HEADERS 1
| #define HAVE_FCNTL_H 1
| #define HAVE_FENV_H 1
| #define HAVE_LIMITS_H 1
| #define HAVE_STDDEF_H 1
| #define HAVE_SYS_TIME_H 1
| #define TIME_WITH_SYS_TIME 1
| #define HAVE_LONG_DOUBLE 1
| #define SIZEOF_INT 4
| #define SIZEOF_UNSIGNED_INT 4
| #define SIZEOF_LONG 8
| #define SIZEOF_UNSIGNED_LONG 8
| #define SIZEOF_LONG_LONG 8
| #define SIZEOF_UNSIGNED_LONG_LONG 8
| #define SIZEOF_SIZE_T 8
| #define SIZEOF_PTRDIFF_T 8
| #define HAVE_PTRDIFF_T 1
| #define HAVE_UINTPTR_T 1
| #define SIZEOF_FLOAT 4
| #define SIZEOF_DOUBLE 8
| #define SIZEOF_FFTW_R2R_KIND 4
| #define HAVE_ALLOCA_H 1
| #define HAVE_ALLOCA 1
| #define HAVE_VPRINTF 1
| #define HAVE_LIBM 1
| #define HAVE_GETTIMEOFDAY 1
| /* end confdefs.h.  */
| /* Define time_base_to_time to an innocuous variant, in case <limits.h> declares time_base_to_time.
|    For example, HP-UX 11i <limits.h> declares gettimeofday.  */
| #define time_base_to_time innocuous_time_base_to_time
| 
| /* System header to define __stub macros and hopefully few prototypes,
|     which can conflict with char time_base_to_time (); below.
|     Prefer <limits.h> to <assert.h> if __STDC__ is defined, since
|     <limits.h> exists even on freestanding compilers.  */
| 
| #ifdef __STDC__
| # include <limits.h>
| #else
| # include <assert.h>
| #endif
| 
| #undef time_base_to_time
| 
| /* Override any GCC internal prototype to avoid an error.
|    Use char because int might match the return type of a GCC
|    builtin and then its argument prototype would still apply.  */
| #ifdef __cplusplus
| extern "C"
| #endif
| char time_base_to_time ();
| /* The GNU C library defines this for functions which it implements
|     to always fail with ENOSYS.  Some functions are actually named
|     something starting with __ and the normal name is an alias.  */
| #if defined __stub_time_base_to_time || defined __stub___time_base_to_time
| choke me
| #endif
| 
| int
| main ()
| {
| return time_base_to_time ();
|   ;
|   return 0;
| }
configure:17127: result: no
configure:17127: checking for drand48
configure:17127: gcc -o conftest -O3 -fomit-frame-pointer -mtune=native -fstrict-aliasing -ffast-math   conftest.c -lm  >&5
configure:17127: $? = 0
configure:17127: result: yes
configure:17127: checking for sqrt
configure:17127: gcc -o conftest -O3 -fomit-frame-pointer -mtune=native -fstrict-aliasing -ffast-math   conftest.c -lm  >&5
conftest.c:76:6: warning: incompatible redeclaration of library function 'sqrt' [-Wincompatible-library-redeclaration]
char sqrt ();
     ^
conftest.c:76:6: note: 'sqrt' is a builtin with type 'double (double)'
1 warning generated.
configure:17127: $? = 0
configure:17127: result: yes
configure:17127: checking for memset
configure:17127: gcc -o conftest -O3 -fomit-frame-pointer -mtune=native -fstrict-aliasing -ffast-math   conftest.c -lm  >&5
conftest.c:77:6: warning: incompatible redeclaration of library function 'memset' [-Wincompatible-library-redeclaration]
char memset ();
     ^
conftest.c:77:6: note: 'memset' is a builtin with type 'void *(void *, int, unsigned long)'
1 warning generated.
configure:17127: $? = 0
configure:17127: result: yes
configure:17127: checking for posix_memalign
configure:17127: gcc -o conftest -O3 -fomit-frame-pointer -mtune=native -fstrict-aliasing -ffast-math   conftest.c -lm  >&5
configure:17127: $? = 0
configure:17127: result: yes
configure:17127: checking for memalign
configure:17127: gcc -o conftest -O3 -fomit-frame-pointer -mtune=native -fstrict-aliasing -ffast-math   conftest.c -lm  >&5
Undefined symbols for architecture x86_64:
  "_memalign", referenced from:
      _main in conftest-cc2480.o
ld: symbol(s) not found for architecture x86_64
clang: error: linker command failed with exit code 1 (use -v to see invocation)
configure:17127: $? = 1
configure: failed program was:
| /* confdefs.h */
| #define PACKAGE_NAME "fftw"
| #define PACKAGE_TARNAME "fftw"
| #define PACKAGE_VERSION "3.3.7"
| #define PACKAGE_STRING "fftw 3.3.7"
| #define PACKAGE_BUGREPORT "fftw@fftw.org"
| #define PACKAGE_URL ""
| #define PACKAGE "fftw"
| #define VERSION "3.3.7"
| #define FFTW_ENABLE_ALLOCA 1
| #define FFTW_SINGLE 1
| #define BENCHFFT_SINGLE 1
| #define STDC_HEADERS 1
| #define HAVE_SYS_TYPES_H 1
| #define HAVE_SYS_STAT_H 1
| #define HAVE_STDLIB_H 1
| #define HAVE_STRING_H 1
| #define HAVE_MEMORY_H 1
| #define HAVE_STRINGS_H 1
| #define HAVE_INTTYPES_H 1
| #define HAVE_STDINT_H 1
| #define HAVE_UNISTD_H 1
| #define HAVE_DLFCN_H 1
| #define LT_OBJDIR ".libs/"
| #define STDC_HEADERS 1
| #define HAVE_FCNTL_H 1
| #define HAVE_FENV_H 1
| #define HAVE_LIMITS_H 1
| #define HAVE_STDDEF_H 1
| #define HAVE_SYS_TIME_H 1
| #define TIME_WITH_SYS_TIME 1
| #define HAVE_LONG_DOUBLE 1
| #define SIZEOF_INT 4
| #define SIZEOF_UNSIGNED_INT 4
| #define SIZEOF_LONG 8
| #define SIZEOF_UNSIGNED_LONG 8
| #define SIZEOF_LONG_LONG 8
| #define SIZEOF_UNSIGNED_LONG_LONG 8
| #define SIZEOF_SIZE_T 8
| #define SIZEOF_PTRDIFF_T 8
| #define HAVE_PTRDIFF_T 1
| #define HAVE_UINTPTR_T 1
| #define SIZEOF_FLOAT 4
| #define SIZEOF_DOUBLE 8
| #define SIZEOF_FFTW_R2R_KIND 4
| #define HAVE_ALLOCA_H 1
| #define HAVE_ALLOCA 1
| #define HAVE_VPRINTF 1
| #define HAVE_LIBM 1
| #define HAVE_GETTIMEOFDAY 1
| #define HAVE_DRAND48 1
| #define HAVE_SQRT 1
| #define HAVE_MEMSET 1
| #define HAVE_POSIX_MEMALIGN 1
| /* end confdefs.h.  */
| /* Define memalign to an innocuous variant, in case <limits.h> declares memalign.
|    For example, HP-UX 11i <limits.h> declares gettimeofday.  */
| #define memalign innocuous_memalign
| 
| /* System header to define __stub macros and hopefully few prototypes,
|     which can conflict with char memalign (); below.
|     Prefer <limits.h> to <assert.h> if __STDC__ is defined, since
|     <limits.h> exists even on freestanding compilers.  */
| 
| #ifdef __STDC__
| # include <limits.h>
| #else
| # include <assert.h>
| #endif
| 
| #undef memalign
| 
| /* Override any GCC internal prototype to avoid an error.
|    Use char because int might match the return type of a GCC
|    builtin and then its argument prototype would still apply.  */
| #ifdef __cplusplus
| extern "C"
| #endif
| char memalign ();
| /* The GNU C library defines this for functions which it implements
|     to always fail with ENOSYS.  Some functions are actually named
|     something starting with __ and the normal name is an alias.  */
| #if defined __stub_memalign || defined __stub___memalign
| choke me
| #endif
| 
| int
| main ()
| {
| return memalign ();
|   ;
|   return 0;
| }
configure:17127: result: no
configure:17127: checking for _mm_malloc
configure:17127: gcc -o conftest -O3 -fomit-frame-pointer -mtune=native -fstrict-aliasing -ffast-math   conftest.c -lm  >&5
Undefined symbols for architecture x86_64:
  "__mm_malloc", referenced from:
      _main in conftest-43c313.o
ld: symbol(s) not found for architecture x86_64
clang: error: linker command failed with exit code 1 (use -v to see invocation)
configure:17127: $? = 1
configure: failed program was:
| /* confdefs.h */
| #define PACKAGE_NAME "fftw"
| #define PACKAGE_TARNAME "fftw"
| #define PACKAGE_VERSION "3.3.7"
| #define PACKAGE_STRING "fftw 3.3.7"
| #define PACKAGE_BUGREPORT "fftw@fftw.org"
| #define PACKAGE_URL ""
| #define PACKAGE "fftw"
| #define VERSION "3.3.7"
| #define FFTW_ENABLE_ALLOCA 1
| #define FFTW_SINGLE 1
| #define BENCHFFT_SINGLE 1
| #define STDC_HEADERS 1
| #define HAVE_SYS_TYPES_H 1
| #define HAVE_SYS_STAT_H 1
| #define HAVE_STDLIB_H 1
| #define HAVE_STRING_H 1
| #define HAVE_MEMORY_H 1
| #define HAVE_STRINGS_H 1
| #define HAVE_INTTYPES_H 1
| #define HAVE_STDINT_H 1
| #define HAVE_UNISTD_H 1
| #define HAVE_DLFCN_H 1
| #define LT_OBJDIR ".libs/"
| #define STDC_HEADERS 1
| #define HAVE_FCNTL_H 1
| #define HAVE_FENV_H 1
| #define HAVE_LIMITS_H 1
| #define HAVE_STDDEF_H 1
| #define HAVE_SYS_TIME_H 1
| #define TIME_WITH_SYS_TIME 1
| #define HAVE_LONG_DOUBLE 1
| #define SIZEOF_INT 4
| #define SIZEOF_UNSIGNED_INT 4
| #define SIZEOF_LONG 8
| #define SIZEOF_UNSIGNED_LONG 8
| #define SIZEOF_LONG_LONG 8
| #define SIZEOF_UNSIGNED_LONG_LONG 8
| #define SIZEOF_SIZE_T 8
| #define SIZEOF_PTRDIFF_T 8
| #define HAVE_PTRDIFF_T 1
| #define HAVE_UINTPTR_T 1
| #define SIZEOF_FLOAT 4
| #define SIZEOF_DOUBLE 8
| #define SIZEOF_FFTW_R2R_KIND 4
| #define HAVE_ALLOCA_H 1
| #define HAVE_ALLOCA 1
| #define HAVE_VPRINTF 1
| #define HAVE_LIBM 1
| #define HAVE_GETTIMEOFDAY 1
| #define HAVE_DRAND48 1
| #define HAVE_SQRT 1
| #define HAVE_MEMSET 1
| #define HAVE_POSIX_MEMALIGN 1
| /* end confdefs.h.  */
| /* Define _mm_malloc to an innocuous variant, in case <limits.h> declares _mm_malloc.
|    For example, HP-UX 11i <limits.h> declares gettimeofday.  */
| #define _mm_malloc innocuous__mm_malloc
| 
| /* System header to define __stub macros and hopefully few prototypes,
|     which can conflict with char _mm_malloc (); below.
|     Prefer <limits.h> to <assert.h> if __STDC__ is defined, since
|     <limits.h> exists even on freestanding compilers.  */
| 
| #ifdef __STDC__
| # include <limits.h>
| #else
| # include <assert.h>
| #endif
| 
| #undef _mm_malloc
| 
| /* Override any GCC internal prototype to avoid an error.
|    Use char because int might match the return type of a GCC
|    builtin and then its argument prototype would still apply.  */
| #ifdef __cplusplus
| extern "C"
| #endif
| char _mm_malloc ();
| /* The GNU C library defines this for functions which it implements
|     to always fail with ENOSYS.  Some functions are actually named
|     something starting with __ and the normal name is an alias.  */
| #if defined __stub__mm_malloc || defined __stub____mm_malloc
| choke me
| #endif
| 
| int
| main ()
| {
| return _mm_malloc ();
|   ;
|   return 0;
| }
configure:17127: result: no
configure:17127: checking for _mm_free
configure:17127: gcc -o conftest -O3 -fomit-frame-pointer -mtune=native -fstrict-aliasing -ffast-math   conftest.c -lm  >&5
Undefined symbols for architecture x86_64:
  "__mm_free", referenced from:
      _main in conftest-f71b6b.o
ld: symbol(s) not found for architecture x86_64
clang: error: linker command failed with exit code 1 (use -v to see invocation)
configure:17127: $? = 1
configure: failed program was:
| /* confdefs.h */
| #define PACKAGE_NAME "fftw"
| #define PACKAGE_TARNAME "fftw"
| #define PACKAGE_VERSION "3.3.7"
| #define PACKAGE_STRING "fftw 3.3.7"
| #define PACKAGE_BUGREPORT "fftw@fftw.org"
| #define PACKAGE_URL ""
| #define PACKAGE "fftw"
| #define VERSION "3.3.7"
| #define FFTW_ENABLE_ALLOCA 1
| #define FFTW_SINGLE 1
| #define BENCHFFT_SINGLE 1
| #define STDC_HEADERS 1
| #define HAVE_SYS_TYPES_H 1
| #define HAVE_SYS_STAT_H 1
| #define HAVE_STDLIB_H 1
| #define HAVE_STRING_H 1
| #define HAVE_MEMORY_H 1
| #define HAVE_STRINGS_H 1
| #define HAVE_INTTYPES_H 1
| #define HAVE_STDINT_H 1
| #define HAVE_UNISTD_H 1
| #define HAVE_DLFCN_H 1
| #define LT_OBJDIR ".libs/"
| #define STDC_HEADERS 1
| #define HAVE_FCNTL_H 1
| #define HAVE_FENV_H 1
| #define HAVE_LIMITS_H 1
| #define HAVE_STDDEF_H 1
| #define HAVE_SYS_TIME_H 1
| #define TIME_WITH_SYS_TIME 1
| #define HAVE_LONG_DOUBLE 1
| #define SIZEOF_INT 4
| #define SIZEOF_UNSIGNED_INT 4
| #define SIZEOF_LONG 8
| #define SIZEOF_UNSIGNED_LONG 8
| #define SIZEOF_LONG_LONG 8
| #define SIZEOF_UNSIGNED_LONG_LONG 8
| #define SIZEOF_SIZE_T 8
| #define SIZEOF_PTRDIFF_T 8
| #define HAVE_PTRDIFF_T 1
| #define HAVE_UINTPTR_T 1
| #define SIZEOF_FLOAT 4
| #define SIZEOF_DOUBLE 8
| #define SIZEOF_FFTW_R2R_KIND 4
| #define HAVE_ALLOCA_H 1
| #define HAVE_ALLOCA 1
| #define HAVE_VPRINTF 1
| #define HAVE_LIBM 1
| #define HAVE_GETTIMEOFDAY 1
| #define HAVE_DRAND48 1
| #define HAVE_SQRT 1
| #define HAVE_MEMSET 1
| #define HAVE_POSIX_MEMALIGN 1
| /* end confdefs.h.  */
| /* Define _mm_free to an innocuous variant, in case <limits.h> declares _mm_free.
|    For example, HP-UX 11i <limits.h> declares gettimeofday.  */
| #define _mm_free innocuous__mm_free
| 
| /* System header to define __stub macros and hopefully few prototypes,
|     which can conflict with char _mm_free (); below.
|     Prefer <limits.h> to <assert.h> if __STDC__ is defined, since
|     <limits.h> exists even on freestanding compilers.  */
| 
| #ifdef __STDC__
| # include <limits.h>
| #else
| # include <assert.h>
| #endif
| 
| #undef _mm_free
| 
| /* Override any GCC internal prototype to avoid an error.
|    Use char because int might match the return type of a GCC
|    builtin and then its argument prototype would still apply.  */
| #ifdef __cplusplus
| extern "C"
| #endif
| char _mm_free ();
| /* The GNU C library defines this for functions which it implements
|     to always fail with ENOSYS.  Some functions are actually named
|     something starting with __ and the normal name is an alias.  */
| #if defined __stub__mm_free || defined __stub____mm_free
| choke me
| #endif
| 
| int
| main ()
| {
| return _mm_free ();
|   ;
|   return 0;
| }
configure:17127: result: no
configure:17127: checking for clock_gettime
configure:17127: gcc -o conftest -O3 -fomit-frame-pointer -mtune=native -fstrict-aliasing -ffast-math   conftest.c -lm  >&5
configure:17127: $? = 0
configure:17127: result: yes
configure:17127: checking for mach_absolute_time
configure:17127: gcc -o conftest -O3 -fomit-frame-pointer -mtune=native -fstrict-aliasing -ffast-math   conftest.c -lm  >&5
configure:17127: $? = 0
configure:17127: result: yes
configure:17127: checking for sysctl
configure:17127: gcc -o conftest -O3 -fomit-frame-pointer -mtune=native -fstrict-aliasing -ffast-math   conftest.c -lm  >&5
configure:17127: $? = 0
configure:17127: result: yes
configure:17127: checking for abort
configure:17127: gcc -o conftest -O3 -fomit-frame-pointer -mtune=native -fstrict-aliasing -ffast-math   conftest.c -lm  >&5
conftest.c:82:6: warning: incompatible redeclaration of library function 'abort' [-Wincompatible-library-redeclaration]
char abort ();
     ^
conftest.c:82:6: note: 'abort' is a builtin with type 'void (void) __attribute__((noreturn))'
1 warning generated.
configure:17127: $? = 0
configure:17127: result: yes
configure:17127: checking for sinl
configure:17127: gcc -o conftest -O3 -fomit-frame-pointer -mtune=native -fstrict-aliasing -ffast-math   conftest.c -lm  >&5
conftest.c:83:6: warning: incompatible redeclaration of library function 'sinl' [-Wincompatible-library-redeclaration]
char sinl ();
     ^
conftest.c:83:6: note: 'sinl' is a builtin with type 'long double (long double)'
1 warning generated.
configure:17127: $? = 0
configure:17127: result: yes
configure:17127: checking for cosl
configure:17127: gcc -o conftest -O3 -fomit-frame-pointer -mtune=native -fstrict-aliasing -ffast-math   conftest.c -lm  >&5
conftest.c:84:6: warning: incompatible redeclaration of library function 'cosl' [-Wincompatible-library-redeclaration]
char cosl ();
     ^
conftest.c:84:6: note: 'cosl' is a builtin with type 'long double (long double)'
1 warning generated.
configure:17127: $? = 0
configure:17127: result: yes
configure:17127: checking for snprintf
configure:17127: gcc -o conftest -O3 -fomit-frame-pointer -mtune=native -fstrict-aliasing -ffast-math   conftest.c -lm  >&5
conftest.c:85:6: warning: incompatible redeclaration of library function 'snprintf' [-Wincompatible-library-redeclaration]
char snprintf ();
     ^
conftest.c:85:6: note: 'snprintf' is a builtin with type 'int (char *, unsigned long, const char *, ...)'
1 warning generated.
configure:17127: $? = 0
configure:17127: result: yes
configure:17127: checking for memmove
configure:17127: gcc -o conftest -O3 -fomit-frame-pointer -mtune=native -fstrict-aliasing -ffast-math   conftest.c -lm  >&5
conftest.c:86:6: warning: incompatible redeclaration of library function 'memmove' [-Wincompatible-library-redeclaration]
char memmove ();
     ^
conftest.c:86:6: note: 'memmove' is a builtin with type 'void *(void *, const void *, unsigned long)'
1 warning generated.
configure:17127: $? = 0
configure:17127: result: yes
configure:17127: checking for strchr
configure:17127: gcc -o conftest -O3 -fomit-frame-pointer -mtune=native -fstrict-aliasing -ffast-math   conftest.c -lm  >&5
conftest.c:87:6: warning: incompatible redeclaration of library function 'strchr' [-Wincompatible-library-redeclaration]
char strchr ();
     ^
conftest.c:87:6: note: 'strchr' is a builtin with type 'char *(const char *, int)'
1 warning generated.
configure:17127: $? = 0
configure:17127: result: yes
configure:17127: checking for getpagesize
configure:17127: gcc -o conftest -O3 -fomit-frame-pointer -mtune=native -fstrict-aliasing -ffast-math   conftest.c -lm  >&5
configure:17127: $? = 0
configure:17127: result: yes
configure:17136: checking whether sinl is declared
configure:17136: gcc -c -O3 -fomit-frame-pointer -mtune=native -fstrict-aliasing -ffast-math  conftest.c >&5
configure:17136: $? = 0
configure:17136: result: yes
configure:17147: checking whether cosl is declared
configure:17147: gcc -c -O3 -fomit-frame-pointer -mtune=native -fstrict-aliasing -ffast-math  conftest.c >&5
configure:17147: $? = 0
configure:17147: result: yes
configure:17158: checking whether sinq is declared
configure:17158: gcc -c -O3 -fomit-frame-pointer -mtune=native -fstrict-aliasing -ffast-math  conftest.c >&5
conftest.c:77:10: error: use of undeclared identifier 'sinq'; did you mean 'int'?
  (void) sinq;
         ^~~~
         int
conftest.c:77:10: error: expected expression
2 errors generated.
configure:17158: $? = 1
configure: failed program was:
| /* confdefs.h */
| #define PACKAGE_NAME "fftw"
| #define PACKAGE_TARNAME "fftw"
| #define PACKAGE_VERSION "3.3.7"
| #define PACKAGE_STRING "fftw 3.3.7"
| #define PACKAGE_BUGREPORT "fftw@fftw.org"
| #define PACKAGE_URL ""
| #define PACKAGE "fftw"
| #define VERSION "3.3.7"
| #define FFTW_ENABLE_ALLOCA 1
| #define FFTW_SINGLE 1
| #define BENCHFFT_SINGLE 1
| #define STDC_HEADERS 1
| #define HAVE_SYS_TYPES_H 1
| #define HAVE_SYS_STAT_H 1
| #define HAVE_STDLIB_H 1
| #define HAVE_STRING_H 1
| #define HAVE_MEMORY_H 1
| #define HAVE_STRINGS_H 1
| #define HAVE_INTTYPES_H 1
| #define HAVE_STDINT_H 1
| #define HAVE_UNISTD_H 1
| #define HAVE_DLFCN_H 1
| #define LT_OBJDIR ".libs/"
| #define STDC_HEADERS 1
| #define HAVE_FCNTL_H 1
| #define HAVE_FENV_H 1
| #define HAVE_LIMITS_H 1
| #define HAVE_STDDEF_H 1
| #define HAVE_SYS_TIME_H 1
| #define TIME_WITH_SYS_TIME 1
| #define HAVE_LONG_DOUBLE 1
| #define SIZEOF_INT 4
| #define SIZEOF_UNSIGNED_INT 4
| #define SIZEOF_LONG 8
| #define SIZEOF_UNSIGNED_LONG 8
| #define SIZEOF_LONG_LONG 8
| #define SIZEOF_UNSIGNED_LONG_LONG 8
| #define SIZEOF_SIZE_T 8
| #define SIZEOF_PTRDIFF_T 8
| #define HAVE_PTRDIFF_T 1
| #define HAVE_UINTPTR_T 1
| #define SIZEOF_FLOAT 4
| #define SIZEOF_DOUBLE 8
| #define SIZEOF_FFTW_R2R_KIND 4
| #define HAVE_ALLOCA_H 1
| #define HAVE_ALLOCA 1
| #define HAVE_VPRINTF 1
| #define HAVE_LIBM 1
| #define HAVE_GETTIMEOFDAY 1
| #define HAVE_DRAND48 1
| #define HAVE_SQRT 1
| #define HAVE_MEMSET 1
| #define HAVE_POSIX_MEMALIGN 1
| #define HAVE_CLOCK_GETTIME 1
| #define HAVE_MACH_ABSOLUTE_TIME 1
| #define HAVE_SYSCTL 1
| #define HAVE_ABORT 1
| #define HAVE_SINL 1
| #define HAVE_COSL 1
| #define HAVE_SNPRINTF 1
| #define HAVE_MEMMOVE 1
| #define HAVE_STRCHR 1
| #define HAVE_GETPAGESIZE 1
| #define HAVE_DECL_SINL 1
| #define HAVE_DECL_COSL 1
| /* end confdefs.h.  */
| #include <math.h>
| 
| int
| main ()
| {
| #ifndef sinq
| #ifdef __cplusplus
|   (void) sinq;
| #else
|   (void) sinq;
| #endif
| #endif
| 
|   ;
|   return 0;
| }
configure:17158: result: no
configure:17169: checking whether cosq is declared
configure:17169: gcc -c -O3 -fomit-frame-pointer -mtune=native -fstrict-aliasing -ffast-math  conftest.c >&5
conftest.c:78:10: error: use of undeclared identifier 'cosq'; did you mean 'const'?
  (void) cosq;
         ^~~~
         const
conftest.c:78:10: error: expected expression
2 errors generated.
configure:17169: $? = 1
configure: failed program was:
| /* confdefs.h */
| #define PACKAGE_NAME "fftw"
| #define PACKAGE_TARNAME "fftw"
| #define PACKAGE_VERSION "3.3.7"
| #define PACKAGE_STRING "fftw 3.3.7"
| #define PACKAGE_BUGREPORT "fftw@fftw.org"
| #define PACKAGE_URL ""
| #define PACKAGE "fftw"
| #define VERSION "3.3.7"
| #define FFTW_ENABLE_ALLOCA 1
| #define FFTW_SINGLE 1
| #define BENCHFFT_SINGLE 1
| #define STDC_HEADERS 1
| #define HAVE_SYS_TYPES_H 1
| #define HAVE_SYS_STAT_H 1
| #define HAVE_STDLIB_H 1
| #define HAVE_STRING_H 1
| #define HAVE_MEMORY_H 1
| #define HAVE_STRINGS_H 1
| #define HAVE_INTTYPES_H 1
| #define HAVE_STDINT_H 1
| #define HAVE_UNISTD_H 1
| #define HAVE_DLFCN_H 1
| #define LT_OBJDIR ".libs/"
| #define STDC_HEADERS 1
| #define HAVE_FCNTL_H 1
| #define HAVE_FENV_H 1
| #define HAVE_LIMITS_H 1
| #define HAVE_STDDEF_H 1
| #define HAVE_SYS_TIME_H 1
| #define TIME_WITH_SYS_TIME 1
| #define HAVE_LONG_DOUBLE 1
| #define SIZEOF_INT 4
| #define SIZEOF_UNSIGNED_INT 4
| #define SIZEOF_LONG 8
| #define SIZEOF_UNSIGNED_LONG 8
| #define SIZEOF_LONG_LONG 8
| #define SIZEOF_UNSIGNED_LONG_LONG 8
| #define SIZEOF_SIZE_T 8
| #define SIZEOF_PTRDIFF_T 8
| #define HAVE_PTRDIFF_T 1
| #define HAVE_UINTPTR_T 1
| #define SIZEOF_FLOAT 4
| #define SIZEOF_DOUBLE 8
| #define SIZEOF_FFTW_R2R_KIND 4
| #define HAVE_ALLOCA_H 1
| #define HAVE_ALLOCA 1
| #define HAVE_VPRINTF 1
| #define HAVE_LIBM 1
| #define HAVE_GETTIMEOFDAY 1
| #define HAVE_DRAND48 1
| #define HAVE_SQRT 1
| #define HAVE_MEMSET 1
| #define HAVE_POSIX_MEMALIGN 1
| #define HAVE_CLOCK_GETTIME 1
| #define HAVE_MACH_ABSOLUTE_TIME 1
| #define HAVE_SYSCTL 1
| #define HAVE_ABORT 1
| #define HAVE_SINL 1
| #define HAVE_COSL 1
| #define HAVE_SNPRINTF 1
| #define HAVE_MEMMOVE 1
| #define HAVE_STRCHR 1
| #define HAVE_GETPAGESIZE 1
| #define HAVE_DECL_SINL 1
| #define HAVE_DECL_COSL 1
| #define HAVE_DECL_SINQ 0
| /* end confdefs.h.  */
| #include <math.h>
| 
| int
| main ()
| {
| #ifndef cosq
| #ifdef __cplusplus
|   (void) cosq;
| #else
|   (void) cosq;
| #endif
| #endif
| 
|   ;
|   return 0;
| }
configure:17169: result: no
configure:17181: checking whether memalign is declared
configure:17181: gcc -c -O3 -fomit-frame-pointer -mtune=native -fstrict-aliasing -ffast-math  conftest.c >&5
conftest.c:82:10: error: use of undeclared identifier 'memalign'
  (void) memalign;
         ^
1 error generated.
configure:17181: $? = 1
configure: failed program was:
| /* confdefs.h */
| #define PACKAGE_NAME "fftw"
| #define PACKAGE_TARNAME "fftw"
| #define PACKAGE_VERSION "3.3.7"
| #define PACKAGE_STRING "fftw 3.3.7"
| #define PACKAGE_BUGREPORT "fftw@fftw.org"
| #define PACKAGE_URL ""
| #define PACKAGE "fftw"
| #define VERSION "3.3.7"
| #define FFTW_ENABLE_ALLOCA 1
| #define FFTW_SINGLE 1
| #define BENCHFFT_SINGLE 1
| #define STDC_HEADERS 1
| #define HAVE_SYS_TYPES_H 1
| #define HAVE_SYS_STAT_H 1
| #define HAVE_STDLIB_H 1
| #define HAVE_STRING_H 1
| #define HAVE_MEMORY_H 1
| #define HAVE_STRINGS_H 1
| #define HAVE_INTTYPES_H 1
| #define HAVE_STDINT_H 1
| #define HAVE_UNISTD_H 1
| #define HAVE_DLFCN_H 1
| #define LT_OBJDIR ".libs/"
| #define STDC_HEADERS 1
| #define HAVE_FCNTL_H 1
| #define HAVE_FENV_H 1
| #define HAVE_LIMITS_H 1
| #define HAVE_STDDEF_H 1
| #define HAVE_SYS_TIME_H 1
| #define TIME_WITH_SYS_TIME 1
| #define HAVE_LONG_DOUBLE 1
| #define SIZEOF_INT 4
| #define SIZEOF_UNSIGNED_INT 4
| #define SIZEOF_LONG 8
| #define SIZEOF_UNSIGNED_LONG 8
| #define SIZEOF_LONG_LONG 8
| #define SIZEOF_UNSIGNED_LONG_LONG 8
| #define SIZEOF_SIZE_T 8
| #define SIZEOF_PTRDIFF_T 8
| #define HAVE_PTRDIFF_T 1
| #define HAVE_UINTPTR_T 1
| #define SIZEOF_FLOAT 4
| #define SIZEOF_DOUBLE 8
| #define SIZEOF_FFTW_R2R_KIND 4
| #define HAVE_ALLOCA_H 1
| #define HAVE_ALLOCA 1
| #define HAVE_VPRINTF 1
| #define HAVE_LIBM 1
| #define HAVE_GETTIMEOFDAY 1
| #define HAVE_DRAND48 1
| #define HAVE_SQRT 1
| #define HAVE_MEMSET 1
| #define HAVE_POSIX_MEMALIGN 1
| #define HAVE_CLOCK_GETTIME 1
| #define HAVE_MACH_ABSOLUTE_TIME 1
| #define HAVE_SYSCTL 1
| #define HAVE_ABORT 1
| #define HAVE_SINL 1
| #define HAVE_COSL 1
| #define HAVE_SNPRINTF 1
| #define HAVE_MEMMOVE 1
| #define HAVE_STRCHR 1
| #define HAVE_GETPAGESIZE 1
| #define HAVE_DECL_SINL 1
| #define HAVE_DECL_COSL 1
| #define HAVE_DECL_SINQ 0
| #define HAVE_DECL_COSQ 0
| /* end confdefs.h.  */
| 
| #ifdef HAVE_MALLOC_H
| #include <malloc.h>
| #endif
| 
| int
| main ()
| {
| #ifndef memalign
| #ifdef __cplusplus
|   (void) memalign;
| #else
|   (void) memalign;
| #endif
| #endif
| 
|   ;
|   return 0;
| }
configure:17181: result: no
configure:17196: checking whether drand48 is declared
configure:17196: gcc -c -O3 -fomit-frame-pointer -mtune=native -fstrict-aliasing -ffast-math  conftest.c >&5
configure:17196: $? = 0
configure:17196: result: yes
configure:17206: checking whether srand48 is declared
configure:17206: gcc -c -O3 -fomit-frame-pointer -mtune=native -fstrict-aliasing -ffast-math  conftest.c >&5
configure:17206: $? = 0
configure:17206: result: yes
configure:17216: checking whether posix_memalign is declared
configure:17216: gcc -c -O3 -fomit-frame-pointer -mtune=native -fstrict-aliasing -ffast-math  conftest.c >&5
configure:17216: $? = 0
configure:17216: result: yes
configure:17227: checking for _rtc intrinsic
configure:17243: gcc -o conftest -O3 -fomit-frame-pointer -mtune=native -fstrict-aliasing -ffast-math   conftest.c -lm  >&5
conftest.c:80:1: warning: implicit declaration of function '_rtc' is invalid in C99 [-Wimplicit-function-declaration]
_rtc()
^
1 warning generated.
Undefined symbols for architecture x86_64:
  "__rtc", referenced from:
      _main in conftest-252b7a.o
ld: symbol(s) not found for architecture x86_64
clang: error: linker command failed with exit code 1 (use -v to see invocation)
configure:17243: $? = 1
configure: failed program was:
| /* confdefs.h */
| #define PACKAGE_NAME "fftw"
| #define PACKAGE_TARNAME "fftw"
| #define PACKAGE_VERSION "3.3.7"
| #define PACKAGE_STRING "fftw 3.3.7"
| #define PACKAGE_BUGREPORT "fftw@fftw.org"
| #define PACKAGE_URL ""
| #define PACKAGE "fftw"
| #define VERSION "3.3.7"
| #define FFTW_ENABLE_ALLOCA 1
| #define FFTW_SINGLE 1
| #define BENCHFFT_SINGLE 1
| #define STDC_HEADERS 1
| #define HAVE_SYS_TYPES_H 1
| #define HAVE_SYS_STAT_H 1
| #define HAVE_STDLIB_H 1
| #define HAVE_STRING_H 1
| #define HAVE_MEMORY_H 1
| #define HAVE_STRINGS_H 1
| #define HAVE_INTTYPES_H 1
| #define HAVE_STDINT_H 1
| #define HAVE_UNISTD_H 1
| #define HAVE_DLFCN_H 1
| #define LT_OBJDIR ".libs/"
| #define STDC_HEADERS 1
| #define HAVE_FCNTL_H 1
| #define HAVE_FENV_H 1
| #define HAVE_LIMITS_H 1
| #define HAVE_STDDEF_H 1
| #define HAVE_SYS_TIME_H 1
| #define TIME_WITH_SYS_TIME 1
| #define HAVE_LONG_DOUBLE 1
| #define SIZEOF_INT 4
| #define SIZEOF_UNSIGNED_INT 4
| #define SIZEOF_LONG 8
| #define SIZEOF_UNSIGNED_LONG 8
| #define SIZEOF_LONG_LONG 8
| #define SIZEOF_UNSIGNED_LONG_LONG 8
| #define SIZEOF_SIZE_T 8
| #define SIZEOF_PTRDIFF_T 8
| #define HAVE_PTRDIFF_T 1
| #define HAVE_UINTPTR_T 1
| #define SIZEOF_FLOAT 4
| #define SIZEOF_DOUBLE 8
| #define SIZEOF_FFTW_R2R_KIND 4
| #define HAVE_ALLOCA_H 1
| #define HAVE_ALLOCA 1
| #define HAVE_VPRINTF 1
| #define HAVE_LIBM 1
| #define HAVE_GETTIMEOFDAY 1
| #define HAVE_DRAND48 1
| #define HAVE_SQRT 1
| #define HAVE_MEMSET 1
| #define HAVE_POSIX_MEMALIGN 1
| #define HAVE_CLOCK_GETTIME 1
| #define HAVE_MACH_ABSOLUTE_TIME 1
| #define HAVE_SYSCTL 1
| #define HAVE_ABORT 1
| #define HAVE_SINL 1
| #define HAVE_COSL 1
| #define HAVE_SNPRINTF 1
| #define HAVE_MEMMOVE 1
| #define HAVE_STRCHR 1
| #define HAVE_GETPAGESIZE 1
| #define HAVE_DECL_SINL 1
| #define HAVE_DECL_COSL 1
| #define HAVE_DECL_SINQ 0
| #define HAVE_DECL_COSQ 0
| #define HAVE_DECL_MEMALIGN 0
| #define HAVE_DECL_DRAND48 1
| #define HAVE_DECL_SRAND48 1
| #define HAVE_DECL_POSIX_MEMALIGN 1
| /* end confdefs.h.  */
| #ifdef HAVE_INTRINSICS_H
| #include <intrinsics.h>
| #endif
| int
| main ()
| {
| _rtc()
|   ;
|   return 0;
| }
configure:17252: result: no
configure:17272: checking for isnan
configure:17286: gcc -o conftest -O3 -fomit-frame-pointer -mtune=native -fstrict-aliasing -ffast-math   conftest.c -lm  >&5
configure:17286: $? = 0
configure:17298: result: yes
configure:17305: checking whether C compiler accepts -mpreferred-stack-boundary=4
configure:17324: gcc -c -mpreferred-stack-boundary=4  conftest.c >&5
clang: error: unknown argument: '-mpreferred-stack-boundary=4'
configure:17324: $? = 1
configure: failed program was:
| /* confdefs.h */
| #define PACKAGE_NAME "fftw"
| #define PACKAGE_TARNAME "fftw"
| #define PACKAGE_VERSION "3.3.7"
| #define PACKAGE_STRING "fftw 3.3.7"
| #define PACKAGE_BUGREPORT "fftw@fftw.org"
| #define PACKAGE_URL ""
| #define PACKAGE "fftw"
| #define VERSION "3.3.7"
| #define FFTW_ENABLE_ALLOCA 1
| #define FFTW_SINGLE 1
| #define BENCHFFT_SINGLE 1
| #define STDC_HEADERS 1
| #define HAVE_SYS_TYPES_H 1
| #define HAVE_SYS_STAT_H 1
| #define HAVE_STDLIB_H 1
| #define HAVE_STRING_H 1
| #define HAVE_MEMORY_H 1
| #define HAVE_STRINGS_H 1
| #define HAVE_INTTYPES_H 1
| #define HAVE_STDINT_H 1
| #define HAVE_UNISTD_H 1
| #define HAVE_DLFCN_H 1
| #define LT_OBJDIR ".libs/"
| #define STDC_HEADERS 1
| #define HAVE_FCNTL_H 1
| #define HAVE_FENV_H 1
| #define HAVE_LIMITS_H 1
| #define HAVE_STDDEF_H 1
| #define HAVE_SYS_TIME_H 1
| #define TIME_WITH_SYS_TIME 1
| #define HAVE_LONG_DOUBLE 1
| #define SIZEOF_INT 4
| #define SIZEOF_UNSIGNED_INT 4
| #define SIZEOF_LONG 8
| #define SIZEOF_UNSIGNED_LONG 8
| #define SIZEOF_LONG_LONG 8
| #define SIZEOF_UNSIGNED_LONG_LONG 8
| #define SIZEOF_SIZE_T 8
| #define SIZEOF_PTRDIFF_T 8
| #define HAVE_PTRDIFF_T 1
| #define HAVE_UINTPTR_T 1
| #define SIZEOF_FLOAT 4
| #define SIZEOF_DOUBLE 8
| #define SIZEOF_FFTW_R2R_KIND 4
| #define HAVE_ALLOCA_H 1
| #define HAVE_ALLOCA 1
| #define HAVE_VPRINTF 1
| #define HAVE_LIBM 1
| #define HAVE_GETTIMEOFDAY 1
| #define HAVE_DRAND48 1
| #define HAVE_SQRT 1
| #define HAVE_MEMSET 1
| #define HAVE_POSIX_MEMALIGN 1
| #define HAVE_CLOCK_GETTIME 1
| #define HAVE_MACH_ABSOLUTE_TIME 1
| #define HAVE_SYSCTL 1
| #define HAVE_ABORT 1
| #define HAVE_SINL 1
| #define HAVE_COSL 1
| #define HAVE_SNPRINTF 1
| #define HAVE_MEMMOVE 1
| #define HAVE_STRCHR 1
| #define HAVE_GETPAGESIZE 1
| #define HAVE_DECL_SINL 1
| #define HAVE_DECL_COSL 1
| #define HAVE_DECL_SINQ 0
| #define HAVE_DECL_COSQ 0
| #define HAVE_DECL_MEMALIGN 0
| #define HAVE_DECL_DRAND48 1
| #define HAVE_DECL_SRAND48 1
| #define HAVE_DECL_POSIX_MEMALIGN 1
| #define HAVE_ISNAN 1
| /* end confdefs.h.  */
| 
| int
| main ()
| {
| 
|   ;
|   return 0;
| }
configure:17334: result: no
configure:17596: checking for g77
configure:17626: result: no
configure:17596: checking for xlf
configure:17626: result: no
configure:17596: checking for f77
configure:17626: result: no
configure:17596: checking for frt
configure:17626: result: no
configure:17596: checking for pgf77
configure:17626: result: no
configure:17596: checking for cf77
configure:17626: result: no
configure:17596: checking for fort77
configure:17626: result: no
configure:17596: checking for fl32
configure:17626: result: no
configure:17596: checking for af77
configure:17626: result: no
configure:17596: checking for xlf90
configure:17626: result: no
configure:17596: checking for f90
configure:17626: result: no
configure:17596: checking for pgf90
configure:17626: result: no
configure:17596: checking for pghpf
configure:17626: result: no
configure:17596: checking for epcf90
configure:17626: result: no
configure:17596: checking for gfortran
configure:17612: found /usr/local/bin/gfortran
configure:17623: result: gfortran
configure:17649: checking for Fortran 77 compiler version
configure:17658: gfortran --version >&5
GNU Fortran (GCC) 5.1.0
Copyright (C) 2015 Free Software Foundation, Inc.

GNU Fortran comes with NO WARRANTY, to the extent permitted by law.
You may redistribute copies of GNU Fortran
under the terms of the GNU General Public License.
For more information about these matters, see the file named COPYING

configure:17669: $? = 0
configure:17658: gfortran -v >&5
Using built-in specs.
COLLECT_GCC=gfortran
COLLECT_LTO_WRAPPER=/usr/local/gfortran/libexec/gcc/x86_64-apple-darwin14/5.1.0/lto-wrapper
Target: x86_64-apple-darwin14
Configured with: ../gcc-5.1.0/configure --prefix=/usr/local/gfortran --with-gmp=/Users/fx/devel/gcc/deps-static/x86_64 --enable-languages=c,c++,fortran,objc,obj-c++ --build=x86_64-apple-darwin14
Thread model: posix
gcc version 5.1.0 (GCC) 
configure:17669: $? = 0
configure:17658: gfortran -V >&5
gfortran: error: unrecognized command line option '-V'
gfortran: fatal error: no input files
compilation terminated.
configure:17669: $? = 1
configure:17658: gfortran -qversion >&5
gfortran: error: unrecognized command line option '-qversion'
gfortran: fatal error: no input files
compilation terminated.
configure:17669: $? = 1
configure:17678: checking whether we are using the GNU Fortran 77 compiler
configure:17691: gfortran -c  conftest.F >&5
configure:17691: $? = 0
configure:17700: result: yes
configure:17706: checking whether gfortran accepts -g
configure:17717: gfortran -c -g conftest.f >&5
configure:17717: $? = 0
configure:17725: result: yes
configure:17854: checking if libtool supports shared libraries
configure:17856: result: yes
configure:17859: checking whether to build shared libraries
configure:17883: result: no
configure:17886: checking whether to build static libraries
configure:17890: result: yes
configure:18242: checking for gfortran option to produce PIC
configure:18249: result: -fno-common
configure:18257: checking if gfortran PIC flag -fno-common works
configure:18275: gfortran -c -g -O2 -fno-common conftest.f >&5
configure:18279: $? = 0
configure:18292: result: yes
configure:18315: checking if gfortran static flag -static works
configure:18343: result: no
configure:18355: checking if gfortran supports -c -o file.o
configure:18376: gfortran -c -g -O2 -o out/conftest2.o conftest.f >&5
configure:18380: $? = 0
configure:18402: result: yes
configure:18407: checking if gfortran supports -c -o file.o
configure:18454: result: yes
configure:18484: checking whether the gfortran linker (/Applications/Xcode.app/Contents/Developer/Toolchains/XcodeDefault.xctoolchain/usr/bin/ld) supports shared libraries
configure:19693: result: yes
configure:19834: checking dynamic linker characteristics
configure:20573: result: darwin17.2.0 dyld
configure:20638: checking how to hardcode library paths into programs
configure:20663: result: immediate
configure:20705: checking how to get verbose linking output from gfortran
configure:20715: gfortran -c -g -O2 conftest.f >&5
configure:20715: $? = 0
configure:20733: gfortran -o conftest -g -O2 -v conftest.f -lm
Using built-in specs.
Target: x86_64-apple-darwin14
Thread model: posix
gcc version 5.1.0 (GCC) 
 /usr/local/gfortran/libexec/gcc/x86_64-apple-darwin14/5.1.0/f951 conftest.f -ffixed-form -fPIC -feliminate-unused-debug-symbols -quiet -dumpbase conftest.f -mmacosx-version-min=10.13.2 -mtune=core2 -auxbase conftest -g -O2 -version -fintrinsic-modules-path /usr/local/gfortran/lib/gcc/x86_64-apple-darwin14/5.1.0/finclude -o /var/folders/5f/dwg42kvd0qgg9_t_1y4mqkwc0000gn/T//ccBPCqGt.s
GNU Fortran (GCC) version 5.1.0 (x86_64-apple-darwin14)
	compiled by GNU C version 5.1.0, GMP version 6.0.0, MPFR version 3.1.2, MPC version 1.0.3
GGC heuristics: --param ggc-min-expand=100 --param ggc-min-heapsize=131072
GNU Fortran2008 (GCC) version 5.1.0 (x86_64-apple-darwin14)
	compiled by GNU C version 5.1.0, GMP version 6.0.0, MPFR version 3.1.2, MPC version 1.0.3
GGC heuristics: --param ggc-min-expand=100 --param ggc-min-heapsize=131072
 as -arch x86_64 -force_cpusubtype_ALL -o /var/folders/5f/dwg42kvd0qgg9_t_1y4mqkwc0000gn/T//ccnkpFYJ.o /var/folders/5f/dwg42kvd0qgg9_t_1y4mqkwc0000gn/T//ccBPCqGt.s
Reading specs from /usr/local/gfortran/lib/gcc/x86_64-apple-darwin14/5.1.0/../../../libgfortran.spec
rename spec lib to liborig
 /usr/local/gfortran/libexec/gcc/x86_64-apple-darwin14/5.1.0/collect2 -dynamic -arch x86_64 -macosx_version_min 10.13.2 -weak_reference_mismatches non-weak -o conftest -L/usr/local/gfortran/lib/gcc/x86_64-apple-darwin14/5.1.0 -L/usr/local/gfortran/lib/gcc/x86_64-apple-darwin14/5.1.0/../../.. /var/folders/5f/dwg42kvd0qgg9_t_1y4mqkwc0000gn/T//ccnkpFYJ.o -lgfortran -no_compact_unwind -lSystem -lgcc_ext.10.5 -lgcc -lquadmath -lm -lgcc_ext.10.5 -lgcc -lSystem -v -idsym -dsym
collect2 version 5.1.0
/Applications/Xcode.app/Contents/Developer/Toolchains/XcodeDefault.xctoolchain/usr/bin/ld -dynamic -arch x86_64 -macosx_version_min 10.13.2 -weak_reference_mismatches non-weak -o conftest -L/usr/local/gfortran/lib/gcc/x86_64-apple-darwin14/5.1.0 -L/usr/local/gfortran/lib/gcc/x86_64-apple-darwin14/5.1.0/../../.. /var/folders/5f/dwg42kvd0qgg9_t_1y4mqkwc0000gn/T//ccnkpFYJ.o -lgfortran -no_compact_unwind -lSystem -lgcc_ext.10.5 -lgcc -lquadmath -lm -lgcc_ext.10.5 -lgcc -lSystem -v
@(#)PROGRAM:ld  PROJECT:ld64-305
configured to support archs: armv6 armv7 armv7s arm64 i386 x86_64 x86_64h armv6m armv7k armv7m armv7em (tvOS)
Library search paths:
	/usr/local/gfortran/lib/gcc/x86_64-apple-darwin14/5.1.0
	/usr/local/gfortran/lib
	/usr/lib
	/usr/local/lib
Framework search paths:
	/Library/Frameworks/
	/System/Library/Frameworks/
dsymutil conftest
configure:20816: result: -v
configure:20818: checking for Fortran 77 libraries of gfortran
configure:20841: gfortran -o conftest -g -O2 -v conftest.f -lm
Using built-in specs.
Target: x86_64-apple-darwin14
Thread model: posix
gcc version 5.1.0 (GCC) 
 /usr/local/gfortran/libexec/gcc/x86_64-apple-darwin14/5.1.0/f951 conftest.f -ffixed-form -fPIC -feliminate-unused-debug-symbols -quiet -dumpbase conftest.f -mmacosx-version-min=10.13.2 -mtune=core2 -auxbase conftest -g -O2 -version -fintrinsic-modules-path /usr/local/gfortran/lib/gcc/x86_64-apple-darwin14/5.1.0/finclude -o /var/folders/5f/dwg42kvd0qgg9_t_1y4mqkwc0000gn/T//ccDDPXcM.s
GNU Fortran (GCC) version 5.1.0 (x86_64-apple-darwin14)
	compiled by GNU C version 5.1.0, GMP version 6.0.0, MPFR version 3.1.2, MPC version 1.0.3
GGC heuristics: --param ggc-min-expand=100 --param ggc-min-heapsize=131072
GNU Fortran2008 (GCC) version 5.1.0 (x86_64-apple-darwin14)
	compiled by GNU C version 5.1.0, GMP version 6.0.0, MPFR version 3.1.2, MPC version 1.0.3
GGC heuristics: --param ggc-min-expand=100 --param ggc-min-heapsize=131072
 as -arch x86_64 -force_cpusubtype_ALL -o /var/folders/5f/dwg42kvd0qgg9_t_1y4mqkwc0000gn/T//cciTxvdI.o /var/folders/5f/dwg42kvd0qgg9_t_1y4mqkwc0000gn/T//ccDDPXcM.s
Reading specs from /usr/local/gfortran/lib/gcc/x86_64-apple-darwin14/5.1.0/../../../libgfortran.spec
rename spec lib to liborig
 /usr/local/gfortran/libexec/gcc/x86_64-apple-darwin14/5.1.0/collect2 -dynamic -arch x86_64 -macosx_version_min 10.13.2 -weak_reference_mismatches non-weak -o conftest -L/usr/local/gfortran/lib/gcc/x86_64-apple-darwin14/5.1.0 -L/usr/local/gfortran/lib/gcc/x86_64-apple-darwin14/5.1.0/../../.. /var/folders/5f/dwg42kvd0qgg9_t_1y4mqkwc0000gn/T//cciTxvdI.o -lgfortran -no_compact_unwind -lSystem -lgcc_ext.10.5 -lgcc -lquadmath -lm -lgcc_ext.10.5 -lgcc -lSystem -v -idsym -dsym
collect2 version 5.1.0
/Applications/Xcode.app/Contents/Developer/Toolchains/XcodeDefault.xctoolchain/usr/bin/ld -dynamic -arch x86_64 -macosx_version_min 10.13.2 -weak_reference_mismatches non-weak -o conftest -L/usr/local/gfortran/lib/gcc/x86_64-apple-darwin14/5.1.0 -L/usr/local/gfortran/lib/gcc/x86_64-apple-darwin14/5.1.0/../../.. /var/folders/5f/dwg42kvd0qgg9_t_1y4mqkwc0000gn/T//cciTxvdI.o -lgfortran -no_compact_unwind -lSystem -lgcc_ext.10.5 -lgcc -lquadmath -lm -lgcc_ext.10.5 -lgcc -lSystem -v
@(#)PROGRAM:ld  PROJECT:ld64-305
configured to support archs: armv6 armv7 armv7s arm64 i386 x86_64 x86_64h armv6m armv7k armv7m armv7em (tvOS)
Library search paths:
	/usr/local/gfortran/lib/gcc/x86_64-apple-darwin14/5.1.0
	/usr/local/gfortran/lib
	/usr/lib
	/usr/local/lib
Framework search paths:
	/Library/Frameworks/
	/System/Library/Frameworks/
dsymutil conftest
configure:21037: result:  -L/usr/local/gfortran/lib/gcc/x86_64-apple-darwin14/5.1.0 -L/usr/local/gfortran/lib/gcc/x86_64-apple-darwin14/5.1.0/../../.. -lgfortran -lquadmath -lm
configure:21053: checking for dummy main to link with Fortran 77 libraries
configure:21087: gcc -o conftest -O3 -fomit-frame-pointer -mtune=native -fstrict-aliasing -ffast-math   conftest.c -lm   -L/usr/local/gfortran/lib/gcc/x86_64-apple-darwin14/5.1.0 -L/usr/local/gfortran/lib/gcc/x86_64-apple-darwin14/5.1.0/../../.. -lgfortran -lquadmath -lm >&5
configure:21087: $? = 0
configure:21132: result: none
configure:21172: checking for Fortran 77 name-mangling scheme
configure:21185: gfortran -c -g -O2 conftest.f >&5
configure:21185: $? = 0
configure:21226: gcc -o conftest -O3 -fomit-frame-pointer -mtune=native -fstrict-aliasing -ffast-math   conftest.c cfortran_test.o -lm   -L/usr/local/gfortran/lib/gcc/x86_64-apple-darwin14/5.1.0 -L/usr/local/gfortran/lib/gcc/x86_64-apple-darwin14/5.1.0/../../.. -lgfortran -lquadmath -lm >&5
Undefined symbols for architecture x86_64:
  "_foobar", referenced from:
      _main in conftest-654d49.o
     (maybe you meant: _foobar_)
ld: symbol(s) not found for architecture x86_64
clang: error: linker command failed with exit code 1 (use -v to see invocation)
configure:21226: $? = 1
configure: failed program was:
| /* confdefs.h */
| #define PACKAGE_NAME "fftw"
| #define PACKAGE_TARNAME "fftw"
| #define PACKAGE_VERSION "3.3.7"
| #define PACKAGE_STRING "fftw 3.3.7"
| #define PACKAGE_BUGREPORT "fftw@fftw.org"
| #define PACKAGE_URL ""
| #define PACKAGE "fftw"
| #define VERSION "3.3.7"
| #define FFTW_ENABLE_ALLOCA 1
| #define FFTW_SINGLE 1
| #define BENCHFFT_SINGLE 1
| #define STDC_HEADERS 1
| #define HAVE_SYS_TYPES_H 1
| #define HAVE_SYS_STAT_H 1
| #define HAVE_STDLIB_H 1
| #define HAVE_STRING_H 1
| #define HAVE_MEMORY_H 1
| #define HAVE_STRINGS_H 1
| #define HAVE_INTTYPES_H 1
| #define HAVE_STDINT_H 1
| #define HAVE_UNISTD_H 1
| #define HAVE_DLFCN_H 1
| #define LT_OBJDIR ".libs/"
| #define STDC_HEADERS 1
| #define HAVE_FCNTL_H 1
| #define HAVE_FENV_H 1
| #define HAVE_LIMITS_H 1
| #define HAVE_STDDEF_H 1
| #define HAVE_SYS_TIME_H 1
| #define TIME_WITH_SYS_TIME 1
| #define HAVE_LONG_DOUBLE 1
| #define SIZEOF_INT 4
| #define SIZEOF_UNSIGNED_INT 4
| #define SIZEOF_LONG 8
| #define SIZEOF_UNSIGNED_LONG 8
| #define SIZEOF_LONG_LONG 8
| #define SIZEOF_UNSIGNED_LONG_LONG 8
| #define SIZEOF_SIZE_T 8
| #define SIZEOF_PTRDIFF_T 8
| #define HAVE_PTRDIFF_T 1
| #define HAVE_UINTPTR_T 1
| #define SIZEOF_FLOAT 4
| #define SIZEOF_DOUBLE 8
| #define SIZEOF_FFTW_R2R_KIND 4
| #define HAVE_ALLOCA_H 1
| #define HAVE_ALLOCA 1
| #define HAVE_VPRINTF 1
| #define HAVE_LIBM 1
| #define HAVE_GETTIMEOFDAY 1
| #define HAVE_DRAND48 1
| #define HAVE_SQRT 1
| #define HAVE_MEMSET 1
| #define HAVE_POSIX_MEMALIGN 1
| #define HAVE_CLOCK_GETTIME 1
| #define HAVE_MACH_ABSOLUTE_TIME 1
| #define HAVE_SYSCTL 1
| #define HAVE_ABORT 1
| #define HAVE_SINL 1
| #define HAVE_COSL 1
| #define HAVE_SNPRINTF 1
| #define HAVE_MEMMOVE 1
| #define HAVE_STRCHR 1
| #define HAVE_GETPAGESIZE 1
| #define HAVE_DECL_SINL 1
| #define HAVE_DECL_COSL 1
| #define HAVE_DECL_SINQ 0
| #define HAVE_DECL_COSQ 0
| #define HAVE_DECL_MEMALIGN 0
| #define HAVE_DECL_DRAND48 1
| #define HAVE_DECL_SRAND48 1
| #define HAVE_DECL_POSIX_MEMALIGN 1
| #define HAVE_ISNAN 1
| /* end confdefs.h.  */
| 
| /* Override any GCC internal prototype to avoid an error.
|    Use char because int might match the return type of a GCC
|    builtin and then its argument prototype would still apply.  */
| #ifdef __cplusplus
| extern "C"
| #endif
| char foobar ();
| #ifdef F77_DUMMY_MAIN
| 
| #  ifdef __cplusplus
|      extern "C"
| #  endif
|    int F77_DUMMY_MAIN() { return 1; }
| 
| #endif
| int
| main ()
| {
| return foobar ();
|   ;
|   return 0;
| }
configure:21226: gcc -o conftest -O3 -fomit-frame-pointer -mtune=native -fstrict-aliasing -ffast-math   conftest.c cfortran_test.o -lm   -L/usr/local/gfortran/lib/gcc/x86_64-apple-darwin14/5.1.0 -L/usr/local/gfortran/lib/gcc/x86_64-apple-darwin14/5.1.0/../../.. -lgfortran -lquadmath -lm >&5
configure:21226: $? = 0
configure:21284: gcc -o conftest -O3 -fomit-frame-pointer -mtune=native -fstrict-aliasing -ffast-math   conftest.c cfortran_test.o -lm   -L/usr/local/gfortran/lib/gcc/x86_64-apple-darwin14/5.1.0 -L/usr/local/gfortran/lib/gcc/x86_64-apple-darwin14/5.1.0/../../.. -lgfortran -lquadmath -lm >&5
configure:21284: $? = 0
configure:21326: result: lower case, underscore, no extra underscore
configure:21577: checking for Win32 threads
configure:21598: gcc -o conftest -O3 -fomit-frame-pointer -mtune=native -fstrict-aliasing -ffast-math   conftest.c -lm  >&5
conftest.c:80:10: fatal error: 'windows.h' file not found
#include <windows.h>
         ^~~~~~~~~~~
1 error generated.
configure:21598: $? = 1
configure: failed program was:
| /* confdefs.h */
| #define PACKAGE_NAME "fftw"
| #define PACKAGE_TARNAME "fftw"
| #define PACKAGE_VERSION "3.3.7"
| #define PACKAGE_STRING "fftw 3.3.7"
| #define PACKAGE_BUGREPORT "fftw@fftw.org"
| #define PACKAGE_URL ""
| #define PACKAGE "fftw"
| #define VERSION "3.3.7"
| #define FFTW_ENABLE_ALLOCA 1
| #define FFTW_SINGLE 1
| #define BENCHFFT_SINGLE 1
| #define STDC_HEADERS 1
| #define HAVE_SYS_TYPES_H 1
| #define HAVE_SYS_STAT_H 1
| #define HAVE_STDLIB_H 1
| #define HAVE_STRING_H 1
| #define HAVE_MEMORY_H 1
| #define HAVE_STRINGS_H 1
| #define HAVE_INTTYPES_H 1
| #define HAVE_STDINT_H 1
| #define HAVE_UNISTD_H 1
| #define HAVE_DLFCN_H 1
| #define LT_OBJDIR ".libs/"
| #define STDC_HEADERS 1
| #define HAVE_FCNTL_H 1
| #define HAVE_FENV_H 1
| #define HAVE_LIMITS_H 1
| #define HAVE_STDDEF_H 1
| #define HAVE_SYS_TIME_H 1
| #define TIME_WITH_SYS_TIME 1
| #define HAVE_LONG_DOUBLE 1
| #define SIZEOF_INT 4
| #define SIZEOF_UNSIGNED_INT 4
| #define SIZEOF_LONG 8
| #define SIZEOF_UNSIGNED_LONG 8
| #define SIZEOF_LONG_LONG 8
| #define SIZEOF_UNSIGNED_LONG_LONG 8
| #define SIZEOF_SIZE_T 8
| #define SIZEOF_PTRDIFF_T 8
| #define HAVE_PTRDIFF_T 1
| #define HAVE_UINTPTR_T 1
| #define SIZEOF_FLOAT 4
| #define SIZEOF_DOUBLE 8
| #define SIZEOF_FFTW_R2R_KIND 4
| #define HAVE_ALLOCA_H 1
| #define HAVE_ALLOCA 1
| #define HAVE_VPRINTF 1
| #define HAVE_LIBM 1
| #define HAVE_GETTIMEOFDAY 1
| #define HAVE_DRAND48 1
| #define HAVE_SQRT 1
| #define HAVE_MEMSET 1
| #define HAVE_POSIX_MEMALIGN 1
| #define HAVE_CLOCK_GETTIME 1
| #define HAVE_MACH_ABSOLUTE_TIME 1
| #define HAVE_SYSCTL 1
| #define HAVE_ABORT 1
| #define HAVE_SINL 1
| #define HAVE_COSL 1
| #define HAVE_SNPRINTF 1
| #define HAVE_MEMMOVE 1
| #define HAVE_STRCHR 1
| #define HAVE_GETPAGESIZE 1
| #define HAVE_DECL_SINL 1
| #define HAVE_DECL_COSL 1
| #define HAVE_DECL_SINQ 0
| #define HAVE_DECL_COSQ 0
| #define HAVE_DECL_MEMALIGN 0
| #define HAVE_DECL_DRAND48 1
| #define HAVE_DECL_SRAND48 1
| #define HAVE_DECL_POSIX_MEMALIGN 1
| #define HAVE_ISNAN 1
| #define F77_FUNC(name,NAME) name ## _
| #define F77_FUNC_(name,NAME) name ## _
| #define F77_FUNC_EQUIV 1
| #define WITH_G77_WRAPPERS 1
| #define HAVE_THREADS 1
| /* end confdefs.h.  */
| #include <windows.h>
| #ifdef F77_DUMMY_MAIN
| 
| #  ifdef __cplusplus
|      extern "C"
| #  endif
|    int F77_DUMMY_MAIN() { return 1; }
| 
| #endif
| int
| main ()
| {
| _beginthreadex(0,0,0,0,0,0);
|   ;
|   return 0;
| }
configure:21602: result: no
configure:21785: checking for the pthreads library -lpthreads
configure:21829: gcc -o conftest -O3 -fomit-frame-pointer -mtune=native -fstrict-aliasing -ffast-math    conftest.c -lpthreads -lm  >&5
conftest.c:93:59: warning: null passed to a callee that requires a non-null argument [-Wnonnull]
                     pthread_attr_init((pthread_attr_t*) 0);
                                       ~~~~~~~~~~~~~~~~~~~^
conftest.c:96:68: warning: null passed to a callee that requires a non-null argument [-Wnonnull]
                                    (void*(*)(void *)) 0, (void*) 0);
                                                                   ^
conftest.c:96:68: warning: null passed to a callee that requires a non-null argument [-Wnonnull]
                                    (void*(*)(void *)) 0, (void*) 0);
                                    ~~~~~~~~~~~~~~~~~~~~           ^
3 warnings generated.
ld: library not found for -lpthreads
clang: error: linker command failed with exit code 1 (use -v to see invocation)
configure:21829: $? = 1
configure: failed program was:
| /* confdefs.h */
| #define PACKAGE_NAME "fftw"
| #define PACKAGE_TARNAME "fftw"
| #define PACKAGE_VERSION "3.3.7"
| #define PACKAGE_STRING "fftw 3.3.7"
| #define PACKAGE_BUGREPORT "fftw@fftw.org"
| #define PACKAGE_URL ""
| #define PACKAGE "fftw"
| #define VERSION "3.3.7"
| #define FFTW_ENABLE_ALLOCA 1
| #define FFTW_SINGLE 1
| #define BENCHFFT_SINGLE 1
| #define STDC_HEADERS 1
| #define HAVE_SYS_TYPES_H 1
| #define HAVE_SYS_STAT_H 1
| #define HAVE_STDLIB_H 1
| #define HAVE_STRING_H 1
| #define HAVE_MEMORY_H 1
| #define HAVE_STRINGS_H 1
| #define HAVE_INTTYPES_H 1
| #define HAVE_STDINT_H 1
| #define HAVE_UNISTD_H 1
| #define HAVE_DLFCN_H 1
| #define LT_OBJDIR ".libs/"
| #define STDC_HEADERS 1
| #define HAVE_FCNTL_H 1
| #define HAVE_FENV_H 1
| #define HAVE_LIMITS_H 1
| #define HAVE_STDDEF_H 1
| #define HAVE_SYS_TIME_H 1
| #define TIME_WITH_SYS_TIME 1
| #define HAVE_LONG_DOUBLE 1
| #define SIZEOF_INT 4
| #define SIZEOF_UNSIGNED_INT 4
| #define SIZEOF_LONG 8
| #define SIZEOF_UNSIGNED_LONG 8
| #define SIZEOF_LONG_LONG 8
| #define SIZEOF_UNSIGNED_LONG_LONG 8
| #define SIZEOF_SIZE_T 8
| #define SIZEOF_PTRDIFF_T 8
| #define HAVE_PTRDIFF_T 1
| #define HAVE_UINTPTR_T 1
| #define SIZEOF_FLOAT 4
| #define SIZEOF_DOUBLE 8
| #define SIZEOF_FFTW_R2R_KIND 4
| #define HAVE_ALLOCA_H 1
| #define HAVE_ALLOCA 1
| #define HAVE_VPRINTF 1
| #define HAVE_LIBM 1
| #define HAVE_GETTIMEOFDAY 1
| #define HAVE_DRAND48 1
| #define HAVE_SQRT 1
| #define HAVE_MEMSET 1
| #define HAVE_POSIX_MEMALIGN 1
| #define HAVE_CLOCK_GETTIME 1
| #define HAVE_MACH_ABSOLUTE_TIME 1
| #define HAVE_SYSCTL 1
| #define HAVE_ABORT 1
| #define HAVE_SINL 1
| #define HAVE_COSL 1
| #define HAVE_SNPRINTF 1
| #define HAVE_MEMMOVE 1
| #define HAVE_STRCHR 1
| #define HAVE_GETPAGESIZE 1
| #define HAVE_DECL_SINL 1
| #define HAVE_DECL_COSL 1
| #define HAVE_DECL_SINQ 0
| #define HAVE_DECL_COSQ 0
| #define HAVE_DECL_MEMALIGN 0
| #define HAVE_DECL_DRAND48 1
| #define HAVE_DECL_SRAND48 1
| #define HAVE_DECL_POSIX_MEMALIGN 1
| #define HAVE_ISNAN 1
| #define F77_FUNC(name,NAME) name ## _
| #define F77_FUNC_(name,NAME) name ## _
| #define F77_FUNC_EQUIV 1
| #define WITH_G77_WRAPPERS 1
| #define HAVE_THREADS 1
| /* end confdefs.h.  */
| #include <pthread.h>
| #ifdef F77_DUMMY_MAIN
| 
| #  ifdef __cplusplus
|      extern "C"
| #  endif
|    int F77_DUMMY_MAIN() { return 1; }
| 
| #endif
| int
| main ()
| {
| pthread_t th; pthread_join(th, (void**) 0);
|                      pthread_attr_init((pthread_attr_t*) 0);
|                      pthread_cleanup_push((void(*)(void *)) 0, (void*) 0);
|                      pthread_create((pthread_t*) 0, (pthread_attr_t*) 0,
|                                     (void*(*)(void *)) 0, (void*) 0);
|                      pthread_cleanup_pop(0);
|   ;
|   return 0;
| }
configure:21838: result: no
configure:21730: checking whether pthreads work without any flags
configure:21829: gcc -o conftest -O3 -fomit-frame-pointer -mtune=native -fstrict-aliasing -ffast-math    conftest.c  -lm  >&5
conftest.c:93:59: warning: null passed to a callee that requires a non-null argument [-Wnonnull]
                     pthread_attr_init((pthread_attr_t*) 0);
                                       ~~~~~~~~~~~~~~~~~~~^
conftest.c:96:68: warning: null passed to a callee that requires a non-null argument [-Wnonnull]
                                    (void*(*)(void *)) 0, (void*) 0);
                                                                   ^
conftest.c:96:68: warning: null passed to a callee that requires a non-null argument [-Wnonnull]
                                    (void*(*)(void *)) 0, (void*) 0);
                                    ~~~~~~~~~~~~~~~~~~~~           ^
3 warnings generated.
configure:21829: $? = 0
configure:21838: result: yes
configure:21857: checking for joinable pthread attribute
configure:21880: gcc -o conftest -O3 -fomit-frame-pointer -mtune=native -fstrict-aliasing -ffast-math    conftest.c  -lm  >&5
configure:21880: $? = 0
configure:21886: result: PTHREAD_CREATE_JOINABLE
configure:21896: checking if more special flags are required for pthreads
configure:21903: result: -D_THREAD_SAFE
configure:22031: checking whether a cycle counter is available
configure:22042: gcc -E  -I./kernel conftest.c
configure:22042: $? = 0
configure:22049: result: yes
configure:22176: checking that generated files are newer than configure
configure:22182: result: done
configure:22289: creating ./config.status

## ---------------- ##
## Cache variables. ##
## ---------------- ##

ac_cv_build=x86_64-apple-darwin17.2.0
ac_cv_c_compiler_gnu=yes
ac_cv_c_const=yes
ac_cv_c_inline=inline
ac_cv_c_uint32_t=yes
ac_cv_c_uint64_t=yes
ac_cv_env_CC_set=
ac_cv_env_CC_value=
ac_cv_env_CFLAGS_set=
ac_cv_env_CFLAGS_value=
ac_cv_env_CPPFLAGS_set=
ac_cv_env_CPPFLAGS_value=
ac_cv_env_CPP_set=
ac_cv_env_CPP_value=
ac_cv_env_F77_set=
ac_cv_env_F77_value=
ac_cv_env_FFLAGS_set=
ac_cv_env_FFLAGS_value=
ac_cv_env_LDFLAGS_set=
ac_cv_env_LDFLAGS_value=
ac_cv_env_LIBS_set=
ac_cv_env_LIBS_value=
ac_cv_env_LT_SYS_LIBRARY_PATH_set=
ac_cv_env_LT_SYS_LIBRARY_PATH_value=
ac_cv_env_MPICC_set=
ac_cv_env_MPICC_value=
ac_cv_env_build_alias_set=
ac_cv_env_build_alias_value=
ac_cv_env_host_alias_set=
ac_cv_env_host_alias_value=
ac_cv_env_target_alias_set=
ac_cv_env_target_alias_value=
ac_cv_f77_compiler_gnu=yes
ac_cv_f77_dummy_main=none
ac_cv_f77_libs=' -L/usr/local/gfortran/lib/gcc/x86_64-apple-darwin14/5.1.0 -L/usr/local/gfortran/lib/gcc/x86_64-apple-darwin14/5.1.0/../../.. -lgfortran -lquadmath -lm'
ac_cv_f77_mangling='lower case, underscore, no extra underscore'
ac_cv_fortran_dummy_main=none
ac_cv_func_BSDgettimeofday=no
ac_cv_func__doprnt=no
ac_cv_func__mm_free=no
ac_cv_func__mm_malloc=no
ac_cv_func_abort=yes
ac_cv_func_alloca_works=yes
ac_cv_func_clock_gettime=yes
ac_cv_func_cosl=yes
ac_cv_func_drand48=yes
ac_cv_func_gethrtime=no
ac_cv_func_getpagesize=yes
ac_cv_func_gettimeofday=yes
ac_cv_func_mach_absolute_time=yes
ac_cv_func_memalign=no
ac_cv_func_memmove=yes
ac_cv_func_memset=yes
ac_cv_func_posix_memalign=yes
ac_cv_func_read_real_time=no
ac_cv_func_sinl=yes
ac_cv_func_snprintf=yes
ac_cv_func_sqrt=yes
ac_cv_func_strchr=yes
ac_cv_func_strtod=yes
ac_cv_func_sysctl=yes
ac_cv_func_time_base_to_time=no
ac_cv_func_vprintf=yes
ac_cv_have_decl_cosl=yes
ac_cv_have_decl_cosq=no
ac_cv_have_decl_drand48=yes
ac_cv_have_decl_memalign=no
ac_cv_have_decl_posix_memalign=yes
ac_cv_have_decl_sinl=yes
ac_cv_have_decl_sinq=no
ac_cv_have_decl_srand48=yes
ac_cv_header_altivec_h=no
ac_cv_header_dlfcn_h=yes
ac_cv_header_fcntl_h=yes
ac_cv_header_fenv_h=yes
ac_cv_header_inttypes_h=yes
ac_cv_header_limits_h=yes
ac_cv_header_malloc_h=no
ac_cv_header_memory_h=yes
ac_cv_header_stdc=yes
ac_cv_header_stddef_h=yes
ac_cv_header_stdint_h=yes
ac_cv_header_stdlib_h=yes
ac_cv_header_string_h=yes
ac_cv_header_strings_h=yes
ac_cv_header_sys_stat_h=yes
ac_cv_header_sys_time_h=yes
ac_cv_header_sys_types_h=yes
ac_cv_header_time=yes
ac_cv_header_unistd_h=yes
ac_cv_host=x86_64-apple-darwin17.2.0
ac_cv_lib_m_sin=yes
ac_cv_objext=o
ac_cv_path_EGREP='/usr/bin/grep -E'
ac_cv_path_FGREP='/usr/bin/grep -F'
ac_cv_path_GREP=/usr/bin/grep
ac_cv_path_SED=/usr/bin/sed
ac_cv_path_install='/usr/local/bin/ginstall -c'
ac_cv_path_lt_DD=/bin/dd
ac_cv_path_mkdir=/usr/local/bin/gmkdir
ac_cv_prog_AWK=awk
ac_cv_prog_CPP='gcc -E'
ac_cv_prog_ac_ct_AR=ar
ac_cv_prog_ac_ct_CC=gcc
ac_cv_prog_ac_ct_DLLTOOL=dlltool
ac_cv_prog_ac_ct_DSYMUTIL=dsymutil
ac_cv_prog_ac_ct_F77=gfortran
ac_cv_prog_ac_ct_LIPO=lipo
ac_cv_prog_ac_ct_NMEDIT=nmedit
ac_cv_prog_ac_ct_OBJDUMP=objdump
ac_cv_prog_ac_ct_OTOOL=otool
ac_cv_prog_ac_ct_RANLIB=ranlib
ac_cv_prog_ac_ct_STRIP=strip
ac_cv_prog_cc_c89=
ac_cv_prog_cc_c99=
ac_cv_prog_cc_g=yes
ac_cv_prog_cc_stdc=
ac_cv_prog_f77_g=yes
ac_cv_prog_f77_v=-v
ac_cv_prog_make_make_set=yes
ac_cv_sizeof_double=8
ac_cv_sizeof_fftw_r2r_kind=4
ac_cv_sizeof_float=4
ac_cv_sizeof_int=4
ac_cv_sizeof_long=8
ac_cv_sizeof_long_long=8
ac_cv_sizeof_ptrdiff_t=8
ac_cv_sizeof_size_t=8
ac_cv_sizeof_unsigned_int=4
ac_cv_sizeof_unsigned_long=8
ac_cv_sizeof_unsigned_long_long=8
ac_cv_type_hrtime_t=no
ac_cv_type_long_double=yes
ac_cv_type_ptrdiff_t=yes
ac_cv_type_size_t=yes
ac_cv_type_uintptr_t=yes
ac_cv_working_alloca_h=yes
am_cv_CC_dependencies_compiler_type=gcc3
am_cv_make_support_nested_variables=yes
am_cv_prog_cc_c_o=yes
ax_cv_c_compiler_vendor=clang
ax_cv_c_flags__O3__fomit_frame_pointer__mtune_native__fstrict_aliasing__ffast_math=yes
ax_cv_c_flags__ffast_math=yes
ax_cv_c_flags__fstrict_aliasing=yes
ax_cv_c_flags__mpreferred_stack_boundary_4=no
ax_cv_c_flags__mtune_native=yes
lt_cv_apple_cc_single_mod=yes
lt_cv_ar_at_file=no
lt_cv_deplibs_check_method=pass_all
lt_cv_file_magic_cmd='$MAGIC_CMD'
lt_cv_file_magic_test_file=
lt_cv_ld_exported_symbols_list=yes
lt_cv_ld_force_load=yes
lt_cv_ld_reload_flag=-r
lt_cv_nm_interface='BSD nm'
lt_cv_objdir=.libs
lt_cv_path_LD=/Applications/Xcode.app/Contents/Developer/Toolchains/XcodeDefault.xctoolchain/usr/bin/ld
lt_cv_path_NM='/Applications/Xcode.app/Contents/Developer/Toolchains/XcodeDefault.xctoolchain/usr/bin//nm -B'
lt_cv_path_mainfest_tool=no
lt_cv_prog_compiler_c_o=yes
lt_cv_prog_compiler_c_o_F77=yes
lt_cv_prog_compiler_pic='-fno-common -DPIC'
lt_cv_prog_compiler_pic_F77=-fno-common
lt_cv_prog_compiler_pic_works=yes
lt_cv_prog_compiler_pic_works_F77=yes
lt_cv_prog_compiler_rtti_exceptions=yes
lt_cv_prog_compiler_static_works=no
lt_cv_prog_compiler_static_works_F77=no
lt_cv_prog_gnu_ld=no
lt_cv_sharedlib_from_linklib_cmd='printf %s\n'
lt_cv_sys_global_symbol_pipe='sed -n -e '\''s/^.*[	 ]\([BCDEGRST][BCDEGRST]*\)[	 ][	 ]*_\([_A-Za-z][_A-Za-z0-9]*\)$/\1 _\2 \2/p'\'' | sed '\''/ __gnu_lto/d'\'''
lt_cv_sys_global_symbol_to_c_name_address='sed -n -e '\''s/^: \(.*\) .*$/  {"\1", (void *) 0},/p'\'' -e '\''s/^[BCDEGRST][BCDEGRST]* .* \(.*\)$/  {"\1", (void *) \&\1},/p'\'''
lt_cv_sys_global_symbol_to_c_name_address_lib_prefix='sed -n -e '\''s/^: \(.*\) .*$/  {"\1", (void *) 0},/p'\'' -e '\''s/^[BCDEGRST][BCDEGRST]* .* \(lib.*\)$/  {"\1", (void *) \&\1},/p'\'' -e '\''s/^[BCDEGRST][BCDEGRST]* .* \(.*\)$/  {"lib\1", (void *) \&\1},/p'\'''
lt_cv_sys_global_symbol_to_cdecl='sed -n -e '\''s/^T .* \(.*\)$/extern int \1();/p'\'' -e '\''s/^[BCDEGRST][BCDEGRST]* .* \(.*\)$/extern char \1;/p'\'''
lt_cv_sys_global_symbol_to_import=
lt_cv_sys_max_cmd_len=196608
lt_cv_to_host_file_cmd=func_convert_file_noop
lt_cv_to_tool_file_cmd=func_convert_file_noop
lt_cv_truncate_bin='/bin/dd bs=4096 count=1'

## ----------------- ##
## Output variables. ##
## ----------------- ##

ACLOCAL='${SHELL} /Users/helenginn/vagabond/vagabond/vagabond/libfftw/missing aclocal-1.15'
ALLOCA=''
ALTIVEC_CFLAGS=''
AMDEPBACKSLASH='\'
AMDEP_FALSE='#'
AMDEP_TRUE=''
AMTAR='$${TAR-tar}'
AM_BACKSLASH='\'
AM_DEFAULT_V='$(AM_DEFAULT_VERBOSITY)'
AM_DEFAULT_VERBOSITY='1'
AM_V='$(V)'
AR='ar'
AS='as'
AUTOCONF='${SHELL} /Users/helenginn/vagabond/vagabond/vagabond/libfftw/missing autoconf'
AUTOHEADER='${SHELL} /Users/helenginn/vagabond/vagabond/vagabond/libfftw/missing autoheader'
AUTOMAKE='${SHELL} /Users/helenginn/vagabond/vagabond/vagabond/libfftw/missing automake-1.15'
AVX2_CFLAGS=''
AVX512_CFLAGS=''
AVX_128_FMA_CFLAGS=''
AVX_CFLAGS=''
AWK='awk'
BUILD_DOC_FALSE='#'
BUILD_DOC_TRUE=''
CC='gcc'
CCDEPMODE='depmode=gcc3'
CFLAGS='-O3 -fomit-frame-pointer -mtune=native -fstrict-aliasing -ffast-math'
CHECK_PL_OPTS=''
COMBINED_THREADS_FALSE='#'
COMBINED_THREADS_TRUE=''
CPP='gcc -E'
CPPFLAGS=''
CYGPATH_W='echo'
C_FFTW_R2R_KIND='C_INT32_T'
C_MPI_FINT=''
DEFS='-DHAVE_CONFIG_H'
DEPDIR='.deps'
DLLTOOL='dlltool'
DSYMUTIL='dsymutil'
DUMPBIN=''
ECHO_C='\c'
ECHO_N=''
ECHO_T=''
EGREP='/usr/bin/grep -E'
EXEEXT=''
F77='gfortran'
FFLAGS='-g -O2'
FGREP='/usr/bin/grep -F'
FLIBS=' -L/usr/local/gfortran/lib/gcc/x86_64-apple-darwin14/5.1.0 -L/usr/local/gfortran/lib/gcc/x86_64-apple-darwin14/5.1.0/../../.. -lgfortran -lquadmath -lm'
GREP='/usr/bin/grep'
HAVE_ALTIVEC_FALSE=''
HAVE_ALTIVEC_TRUE='#'
HAVE_AVX2_FALSE=''
HAVE_AVX2_TRUE='#'
HAVE_AVX512_FALSE=''
HAVE_AVX512_TRUE='#'
HAVE_AVX_128_FMA_FALSE=''
HAVE_AVX_128_FMA_TRUE='#'
HAVE_AVX_FALSE=''
HAVE_AVX_TRUE='#'
HAVE_GENERIC_SIMD128_FALSE=''
HAVE_GENERIC_SIMD128_TRUE='#'
HAVE_GENERIC_SIMD256_FALSE=''
HAVE_GENERIC_SIMD256_TRUE='#'
HAVE_KCVI_FALSE=''
HAVE_KCVI_TRUE='#'
HAVE_NEON_FALSE=''
HAVE_NEON_TRUE='#'
HAVE_SSE2_FALSE=''
HAVE_SSE2_TRUE='#'
HAVE_VSX_FALSE=''
HAVE_VSX_TRUE='#'
INDENT=''
INSTALL_DATA='${INSTALL} -m 644'
INSTALL_PROGRAM='${INSTALL}'
INSTALL_SCRIPT='${INSTALL}'
INSTALL_STRIP_PROGRAM='$(install_sh) -c -s'
KCVI_CFLAGS=''
LD='/Applications/Xcode.app/Contents/Developer/Toolchains/XcodeDefault.xctoolchain/usr/bin/ld'
LDFLAGS=''
LDOUBLE_FALSE=''
LDOUBLE_TRUE='#'
LIBOBJS=''
LIBQUADMATH=''
LIBS='-lm '
LIBTOOL='$(SHELL) $(top_builddir)/libtool'
LIPO='lipo'
LN_S='ln -s'
LTLIBOBJS=''
LT_SYS_LIBRARY_PATH=''
MAINT='#'
MAINTAINER_MODE_FALSE=''
MAINTAINER_MODE_TRUE='#'
MAKEINFO='${SHELL} /Users/helenginn/vagabond/vagabond/vagabond/libfftw/missing makeinfo'
MANIFEST_TOOL=':'
MKDIR_P='/usr/local/bin/gmkdir -p'
MPICC=''
MPILIBS=''
MPIRUN=''
MPI_FALSE=''
MPI_TRUE='#'
NEON_CFLAGS=''
NM='/Applications/Xcode.app/Contents/Developer/Toolchains/XcodeDefault.xctoolchain/usr/bin//nm -B'
NMEDIT='nmedit'
OBJDUMP='objdump'
OBJEXT='o'
OCAMLBUILD=''
OPENMP_CFLAGS=''
OPENMP_FALSE=''
OPENMP_TRUE='#'
OTOOL64=':'
OTOOL='otool'
PACKAGE='fftw'
PACKAGE_BUGREPORT='fftw@fftw.org'
PACKAGE_NAME='fftw'
PACKAGE_STRING='fftw 3.3.7'
PACKAGE_TARNAME='fftw'
PACKAGE_URL=''
PACKAGE_VERSION='3.3.7'
PATH_SEPARATOR=':'
POW_LIB=''
PRECISION='s'
PREC_SUFFIX='f'
PTHREAD_CC='gcc'
PTHREAD_CFLAGS='-D_THREAD_SAFE '
PTHREAD_LIBS=''
QUAD_FALSE=''
QUAD_TRUE='#'
RANLIB='ranlib'
SED='/usr/bin/sed'
SET_MAKE=''
SHARED_VERSION_INFO='8:7:5'
SHELL='/bin/sh'
SINGLE_FALSE='#'
SINGLE_TRUE=''
SMP_FALSE='#'
SMP_TRUE=''
SSE2_CFLAGS=''
STACK_ALIGN_CFLAGS=''
STRIP='strip'
THREADLIBS=' '
THREADS_FALSE='#'
THREADS_TRUE=''
VERSION='3.3.7'
VSX_CFLAGS=''
ac_ct_AR='ar'
ac_ct_CC='gcc'
ac_ct_DUMPBIN=''
ac_ct_F77='gfortran'
acx_pthread_config=''
am__EXEEXT_FALSE=''
am__EXEEXT_TRUE='#'
am__fastdepCC_FALSE='#'
am__fastdepCC_TRUE=''
am__include='include'
am__isrc=''
am__leading_dot='.'
am__nodep='_no'
am__quote=''
am__tar='$${TAR-tar} chof - "$$tardir"'
am__untar='$${TAR-tar} xf -'
bindir='${exec_prefix}/bin'
build='x86_64-apple-darwin17.2.0'
build_alias=''
build_cpu='x86_64'
build_os='darwin17.2.0'
build_vendor='apple'
datadir='${datarootdir}'
datarootdir='${prefix}/share'
docdir='${datarootdir}/doc/${PACKAGE_TARNAME}'
dvidir='${docdir}'
exec_prefix='${prefix}'
host='x86_64-apple-darwin17.2.0'
host_alias=''
host_cpu='x86_64'
host_os='darwin17.2.0'
host_vendor='apple'
htmldir='${docdir}'
includedir='${prefix}/include'
infodir='${datarootdir}/info'
install_sh='${SHELL} /Users/helenginn/vagabond/vagabond/vagabond/libfftw/install-sh'
libdir='${exec_prefix}/lib'
libexecdir='${exec_prefix}/libexec'
localedir='${datarootdir}/locale'
localstatedir='${prefix}/var'
mandir='${datarootdir}/man'
mkdir_p='$(MKDIR_P)'
oldincludedir='/usr/include'
pdfdir='${docdir}'
prefix='/usr/local'
program_transform_name='s,x,x,'
psdir='${docdir}'
sbindir='${exec_prefix}/sbin'
sharedstatedir='${prefix}/com'
sysconfdir='${prefix}/etc'
target_alias=''

## ----------- ##
## confdefs.h. ##
## ----------- ##

/* confdefs.h */
#define PACKAGE_NAME "fftw"
#define PACKAGE_TARNAME "fftw"
#define PACKAGE_VERSION "3.3.7"
#define PACKAGE_STRING "fftw 3.3.7"
#define PACKAGE_BUGREPORT "fftw@fftw.org"
#define PACKAGE_URL ""
#define PACKAGE "fftw"
#define VERSION "3.3.7"
#define FFTW_ENABLE_ALLOCA 1
#define FFTW_SINGLE 1
#define BENCHFFT_SINGLE 1
#define STDC_HEADERS 1
#define HAVE_SYS_TYPES_H 1
#define HAVE_SYS_STAT_H 1
#define HAVE_STDLIB_H 1
#define HAVE_STRING_H 1
#define HAVE_MEMORY_H 1
#define HAVE_STRINGS_H 1
#define HAVE_INTTYPES_H 1
#define HAVE_STDINT_H 1
#define HAVE_UNISTD_H 1
#define HAVE_DLFCN_H 1
#define LT_OBJDIR ".libs/"
#define STDC_HEADERS 1
#define HAVE_FCNTL_H 1
#define HAVE_FENV_H 1
#define HAVE_LIMITS_H 1
#define HAVE_STDDEF_H 1
#define HAVE_SYS_TIME_H 1
#define TIME_WITH_SYS_TIME 1
#define HAVE_LONG_DOUBLE 1
#define SIZEOF_INT 4
#define SIZEOF_UNSIGNED_INT 4
#define SIZEOF_LONG 8
#define SIZEOF_UNSIGNED_LONG 8
#define SIZEOF_LONG_LONG 8
#define SIZEOF_UNSIGNED_LONG_LONG 8
#define SIZEOF_SIZE_T 8
#define SIZEOF_PTRDIFF_T 8
#define HAVE_PTRDIFF_T 1
#define HAVE_UINTPTR_T 1
#define SIZEOF_FLOAT 4
#define SIZEOF_DOUBLE 8
#define SIZEOF_FFTW_R2R_KIND 4
#define HAVE_ALLOCA_H 1
#define HAVE_ALLOCA 1
#define HAVE_VPRINTF 1
#define HAVE_LIBM 1
#define HAVE_GETTIMEOFDAY 1
#define HAVE_DRAND48 1
#define HAVE_SQRT 1
#define HAVE_MEMSET 1
#define HAVE_POSIX_MEMALIGN 1
#define HAVE_CLOCK_GETTIME 1
#define HAVE_MACH_ABSOLUTE_TIME 1
#define HAVE_SYSCTL 1
#define HAVE_ABORT 1
#define HAVE_SINL 1
#define HAVE_COSL 1
#define HAVE_SNPRINTF 1
#define HAVE_MEMMOVE 1
#define HAVE_STRCHR 1
#define HAVE_GETPAGESIZE 1
#define HAVE_DECL_SINL 1
#define HAVE_DECL_COSL 1
#define HAVE_DECL_SINQ 0
#define HAVE_DECL_COSQ 0
#define HAVE_DECL_MEMALIGN 0
#define HAVE_DECL_DRAND48 1
#define HAVE_DECL_SRAND48 1
#define HAVE_DECL_POSIX_MEMALIGN 1
#define HAVE_ISNAN 1
#define F77_FUNC(name,NAME) name ## _
#define F77_FUNC_(name,NAME) name ## _
#define F77_FUNC_EQUIV 1
#define WITH_G77_WRAPPERS 1
#define HAVE_THREADS 1
#define USING_POSIX_THREADS 1
#define HAVE_THREADS 1
#define FFTW_CC "gcc -O3 -fomit-frame-pointer -mtune=native -fstrict-aliasing -ffast-math"

configure: exit 0

## ---------------------- ##
## Running config.status. ##
## ---------------------- ##

This file was extended by fftw config.status 3.3.7, which was
generated by GNU Autoconf 2.69.  Invocation command line was

  CONFIG_FILES    = 
  CONFIG_HEADERS  = 
  CONFIG_LINKS    = 
  CONFIG_COMMANDS = 
  $ ./config.status 

on Helens-MBP-2.lan

config.status:1319: creating Makefile
config.status:1319: creating support/Makefile
config.status:1319: creating genfft/Makefile
config.status:1319: creating kernel/Makefile
config.status:1319: creating simd-support/Makefile
config.status:1319: creating dft/Makefile
config.status:1319: creating dft/scalar/Makefile
config.status:1319: creating dft/scalar/codelets/Makefile
config.status:1319: creating dft/simd/Makefile
config.status:1319: creating dft/simd/common/Makefile
config.status:1319: creating dft/simd/sse2/Makefile
config.status:1319: creating dft/simd/avx/Makefile
config.status:1319: creating dft/simd/avx-128-fma/Makefile
config.status:1319: creating dft/simd/avx2/Makefile
config.status:1319: creating dft/simd/avx2-128/Makefile
config.status:1319: creating dft/simd/avx512/Makefile
config.status:1319: creating dft/simd/kcvi/Makefile
config.status:1319: creating dft/simd/altivec/Makefile
config.status:1319: creating dft/simd/vsx/Makefile
config.status:1319: creating dft/simd/neon/Makefile
config.status:1319: creating dft/simd/generic-simd128/Makefile
config.status:1319: creating dft/simd/generic-simd256/Makefile
config.status:1319: creating rdft/Makefile
config.status:1319: creating rdft/scalar/Makefile
config.status:1319: creating rdft/scalar/r2cf/Makefile
config.status:1319: creating rdft/scalar/r2cb/Makefile
config.status:1319: creating rdft/scalar/r2r/Makefile
config.status:1319: creating rdft/simd/Makefile
config.status:1319: creating rdft/simd/common/Makefile
config.status:1319: creating rdft/simd/sse2/Makefile
config.status:1319: creating rdft/simd/avx/Makefile
config.status:1319: creating rdft/simd/avx-128-fma/Makefile
config.status:1319: creating rdft/simd/avx2/Makefile
config.status:1319: creating rdft/simd/avx2-128/Makefile
config.status:1319: creating rdft/simd/avx512/Makefile
config.status:1319: creating rdft/simd/kcvi/Makefile
config.status:1319: creating rdft/simd/altivec/Makefile
config.status:1319: creating rdft/simd/vsx/Makefile
config.status:1319: creating rdft/simd/neon/Makefile
config.status:1319: creating rdft/simd/generic-simd128/Makefile
config.status:1319: creating rdft/simd/generic-simd256/Makefile
config.status:1319: creating reodft/Makefile
config.status:1319: creating threads/Makefile
config.status:1319: creating api/Makefile
config.status:1319: creating mpi/Makefile
config.status:1319: creating libbench2/Makefile
config.status:1319: creating tests/Makefile
config.status:1319: creating doc/Makefile
config.status:1319: creating doc/FAQ/Makefile
config.status:1319: creating tools/Makefile
config.status:1319: creating tools/fftw_wisdom.1
config.status:1319: creating tools/fftw-wisdom-to-conf
config.status:1319: creating m4/Makefile
config.status:1319: creating fftw.pc
config.status:1319: creating config.h
config.status:1548: executing depfiles commands
config.status:1548: executing libtool commands
